  [4;36;1mSQL (0.2ms)[0m   [0;1m SELECT name
 FROM sqlite_master
 WHERE type = 'table' AND NOT name = 'sqlite_sequence'
[0m
  [4;35;1mSQL (0.1ms)[0m   [0mselect sqlite_version(*)[0m
  [4;36;1mSQL (16.2ms)[0m   [0;1mCREATE TABLE "schema_migrations" ("version" varchar(255) NOT NULL) [0m
  [4;35;1mSQL (1.8ms)[0m   [0mCREATE UNIQUE INDEX "unique_schema_migrations" ON "schema_migrations" ("version")[0m
  [4;36;1mSQL (0.3ms)[0m   [0;1m SELECT name
 FROM sqlite_master
 WHERE type = 'table' AND NOT name = 'sqlite_sequence'
[0m
  [4;35;1mSQL (0.1ms)[0m   [0mSELECT version FROM schema_migrations[0m
Migrating to CreateMonologues (20100130062358)
  [4;36;1mSQL (0.5ms)[0m   [0;1mCREATE TABLE "monologues" ("id" INTEGER PRIMARY KEY AUTOINCREMENT NOT NULL, "play_id" integer, "section" varchar(255), "name" varchar(255), "body" text, "created_at" datetime, "updated_at" datetime) [0m
  [4;35;1mSQL (0.1ms)[0m   [0mINSERT INTO schema_migrations (version) VALUES ('20100130062358')[0m
Migrating to CreateAuthors (20100130062614)
  [4;36;1mSQL (0.4ms)[0m   [0;1mCREATE TABLE "authors" ("id" INTEGER PRIMARY KEY AUTOINCREMENT NOT NULL, "name" varchar(255), "created_at" datetime, "updated_at" datetime) [0m
  [4;35;1mSQL (0.1ms)[0m   [0mINSERT INTO schema_migrations (version) VALUES ('20100130062614')[0m
Migrating to CreatePlays (20100130062711)
  [4;36;1mSQL (0.4ms)[0m   [0;1mCREATE TABLE "plays" ("id" INTEGER PRIMARY KEY AUTOINCREMENT NOT NULL, "author_id" integer, "title" varchar(255), "created_at" datetime, "updated_at" datetime) [0m
  [4;35;1mSQL (0.1ms)[0m   [0mINSERT INTO schema_migrations (version) VALUES ('20100130062711')[0m
Migrating to CreateGenders (20100130063006)
  [4;36;1mSQL (0.4ms)[0m   [0;1mCREATE TABLE "genders" ("id" INTEGER PRIMARY KEY AUTOINCREMENT NOT NULL, "name" varchar(255), "created_at" datetime, "updated_at" datetime) [0m
  [4;35;1mSQL (0.1ms)[0m   [0mINSERT INTO schema_migrations (version) VALUES ('20100130063006')[0m
  [4;36;1mSQL (0.4ms)[0m   [0;1m SELECT name
 FROM sqlite_master
 WHERE type = 'table' AND NOT name = 'sqlite_sequence'
[0m
  [4;35;1mSQL (0.2ms)[0m   [0mSELECT version FROM schema_migrations[0m
  [4;36;1mSQL (0.3ms)[0m   [0;1m SELECT name
 FROM sqlite_master
 WHERE type = 'table' AND NOT name = 'sqlite_sequence'
[0m
  [4;35;1mSQL (0.1ms)[0m   [0mPRAGMA index_list("authors")[0m
  [4;36;1mSQL (0.0ms)[0m   [0;1mPRAGMA index_list("genders")[0m
  [4;35;1mSQL (0.0ms)[0m   [0mPRAGMA index_list("monologues")[0m
  [4;36;1mSQL (0.0ms)[0m   [0;1mPRAGMA index_list("plays")[0m
  [4;36;1mSQL (0.6ms)[0m   [0;1m SELECT name
 FROM sqlite_master
 WHERE type = 'table' AND NOT name = 'sqlite_sequence'
[0m
  [4;35;1mSQL (0.2ms)[0m   [0mSELECT version FROM schema_migrations[0m
  [4;36;1mSQL (0.3ms)[0m   [0;1mselect sqlite_version(*)[0m
  [4;35;1mSQL (0.3ms)[0m   [0m SELECT name
 FROM sqlite_master
 WHERE type = 'table' AND NOT name = 'sqlite_sequence'
[0m
  [4;36;1mSQL (2.3ms)[0m   [0;1mCREATE TABLE "authors" ("id" INTEGER PRIMARY KEY AUTOINCREMENT NOT NULL, "name" varchar(255), "created_at" datetime, "updated_at" datetime) [0m
  [4;35;1mSQL (0.3ms)[0m   [0m SELECT name
 FROM sqlite_master
 WHERE type = 'table' AND NOT name = 'sqlite_sequence'
[0m
  [4;36;1mSQL (1.2ms)[0m   [0;1mCREATE TABLE "genders" ("id" INTEGER PRIMARY KEY AUTOINCREMENT NOT NULL, "name" varchar(255), "created_at" datetime, "updated_at" datetime) [0m
  [4;35;1mSQL (0.2ms)[0m   [0m SELECT name
 FROM sqlite_master
 WHERE type = 'table' AND NOT name = 'sqlite_sequence'
[0m
  [4;36;1mSQL (1.2ms)[0m   [0;1mCREATE TABLE "monologues" ("id" INTEGER PRIMARY KEY AUTOINCREMENT NOT NULL, "play_id" integer, "section" varchar(255), "name" varchar(255), "body" text, "created_at" datetime, "updated_at" datetime) [0m
  [4;35;1mSQL (0.2ms)[0m   [0m SELECT name
 FROM sqlite_master
 WHERE type = 'table' AND NOT name = 'sqlite_sequence'
[0m
  [4;36;1mSQL (1.2ms)[0m   [0;1mCREATE TABLE "plays" ("id" INTEGER PRIMARY KEY AUTOINCREMENT NOT NULL, "author_id" integer, "title" varchar(255), "created_at" datetime, "updated_at" datetime) [0m
  [4;35;1mSQL (0.2ms)[0m   [0m SELECT name
 FROM sqlite_master
 WHERE type = 'table' AND NOT name = 'sqlite_sequence'
[0m
  [4;36;1mSQL (1.1ms)[0m   [0;1mCREATE TABLE "schema_migrations" ("version" varchar(255) NOT NULL) [0m
  [4;35;1mSQL (1.7ms)[0m   [0mCREATE UNIQUE INDEX "unique_schema_migrations" ON "schema_migrations" ("version")[0m
  [4;36;1mSQL (0.3ms)[0m   [0;1m SELECT name
 FROM sqlite_master
 WHERE type = 'table' AND NOT name = 'sqlite_sequence'
[0m
  [4;35;1mSQL (0.1ms)[0m   [0mSELECT version FROM "schema_migrations"[0m
  [4;36;1mSQL (1.3ms)[0m   [0;1mINSERT INTO "schema_migrations" (version) VALUES ('20100130063006')[0m
  [4;35;1mSQL (1.3ms)[0m   [0mINSERT INTO "schema_migrations" (version) VALUES ('20100130062358')[0m
  [4;36;1mSQL (1.1ms)[0m   [0;1mINSERT INTO "schema_migrations" (version) VALUES ('20100130062614')[0m
  [4;35;1mSQL (1.3ms)[0m   [0mINSERT INTO "schema_migrations" (version) VALUES ('20100130062711')[0m
  [4;36;1mSQL (0.5ms)[0m   [0;1m SELECT name
 FROM sqlite_master
 WHERE type = 'table' AND NOT name = 'sqlite_sequence'
[0m
  [4;35;1mSQL (0.2ms)[0m   [0mSELECT version FROM schema_migrations[0m
  [4;36;1mSQL (0.1ms)[0m   [0;1mselect sqlite_version(*)[0m
  [4;35;1mSQL (0.2ms)[0m   [0m SELECT name
 FROM sqlite_master
 WHERE type = 'table' AND NOT name = 'sqlite_sequence'
[0m
  [4;36;1mSQL (2.7ms)[0m   [0;1mCREATE TABLE "authors" ("id" INTEGER PRIMARY KEY AUTOINCREMENT NOT NULL, "name" varchar(255), "created_at" datetime, "updated_at" datetime) [0m
  [4;35;1mSQL (0.2ms)[0m   [0m SELECT name
 FROM sqlite_master
 WHERE type = 'table' AND NOT name = 'sqlite_sequence'
[0m
  [4;36;1mSQL (1.2ms)[0m   [0;1mCREATE TABLE "genders" ("id" INTEGER PRIMARY KEY AUTOINCREMENT NOT NULL, "name" varchar(255), "created_at" datetime, "updated_at" datetime) [0m
  [4;35;1mSQL (0.2ms)[0m   [0m SELECT name
 FROM sqlite_master
 WHERE type = 'table' AND NOT name = 'sqlite_sequence'
[0m
  [4;36;1mSQL (1.2ms)[0m   [0;1mCREATE TABLE "monologues" ("id" INTEGER PRIMARY KEY AUTOINCREMENT NOT NULL, "play_id" integer, "section" varchar(255), "name" varchar(255), "body" text, "created_at" datetime, "updated_at" datetime) [0m
  [4;35;1mSQL (0.3ms)[0m   [0m SELECT name
 FROM sqlite_master
 WHERE type = 'table' AND NOT name = 'sqlite_sequence'
[0m
  [4;36;1mSQL (1.5ms)[0m   [0;1mCREATE TABLE "plays" ("id" INTEGER PRIMARY KEY AUTOINCREMENT NOT NULL, "author_id" integer, "title" varchar(255), "created_at" datetime, "updated_at" datetime) [0m
  [4;35;1mSQL (0.3ms)[0m   [0m SELECT name
 FROM sqlite_master
 WHERE type = 'table' AND NOT name = 'sqlite_sequence'
[0m
  [4;36;1mSQL (1.4ms)[0m   [0;1mCREATE TABLE "schema_migrations" ("version" varchar(255) NOT NULL) [0m
  [4;35;1mSQL (1.4ms)[0m   [0mCREATE UNIQUE INDEX "unique_schema_migrations" ON "schema_migrations" ("version")[0m
  [4;36;1mSQL (0.3ms)[0m   [0;1m SELECT name
 FROM sqlite_master
 WHERE type = 'table' AND NOT name = 'sqlite_sequence'
[0m
  [4;35;1mSQL (0.1ms)[0m   [0mSELECT version FROM "schema_migrations"[0m
  [4;36;1mSQL (1.2ms)[0m   [0;1mINSERT INTO "schema_migrations" (version) VALUES ('20100130063006')[0m
  [4;35;1mSQL (1.1ms)[0m   [0mINSERT INTO "schema_migrations" (version) VALUES ('20100130062358')[0m
  [4;36;1mSQL (1.1ms)[0m   [0;1mINSERT INTO "schema_migrations" (version) VALUES ('20100130062614')[0m
  [4;35;1mSQL (1.2ms)[0m   [0mINSERT INTO "schema_migrations" (version) VALUES ('20100130062711')[0m
  [4;36;1mSQL (0.5ms)[0m   [0;1m SELECT name
 FROM sqlite_master
 WHERE type = 'table' AND NOT name = 'sqlite_sequence'
[0m
  [4;35;1mSQL (0.2ms)[0m   [0mSELECT version FROM schema_migrations[0m
  [4;36;1mSQL (0.2ms)[0m   [0;1mselect sqlite_version(*)[0m
  [4;35;1mSQL (0.2ms)[0m   [0m SELECT name
 FROM sqlite_master
 WHERE type = 'table' AND NOT name = 'sqlite_sequence'
[0m
  [4;36;1mSQL (2.6ms)[0m   [0;1mCREATE TABLE "authors" ("id" INTEGER PRIMARY KEY AUTOINCREMENT NOT NULL, "name" varchar(255), "created_at" datetime, "updated_at" datetime) [0m
  [4;35;1mSQL (0.3ms)[0m   [0m SELECT name
 FROM sqlite_master
 WHERE type = 'table' AND NOT name = 'sqlite_sequence'
[0m
  [4;36;1mSQL (1.1ms)[0m   [0;1mCREATE TABLE "genders" ("id" INTEGER PRIMARY KEY AUTOINCREMENT NOT NULL, "name" varchar(255), "created_at" datetime, "updated_at" datetime) [0m
  [4;35;1mSQL (0.3ms)[0m   [0m SELECT name
 FROM sqlite_master
 WHERE type = 'table' AND NOT name = 'sqlite_sequence'
[0m
  [4;36;1mSQL (1.4ms)[0m   [0;1mCREATE TABLE "monologues" ("id" INTEGER PRIMARY KEY AUTOINCREMENT NOT NULL, "play_id" integer, "section" varchar(255), "name" varchar(255), "body" text, "created_at" datetime, "updated_at" datetime) [0m
  [4;35;1mSQL (0.9ms)[0m   [0m SELECT name
 FROM sqlite_master
 WHERE type = 'table' AND NOT name = 'sqlite_sequence'
[0m
  [4;36;1mSQL (1.3ms)[0m   [0;1mCREATE TABLE "plays" ("id" INTEGER PRIMARY KEY AUTOINCREMENT NOT NULL, "author_id" integer, "title" varchar(255), "created_at" datetime, "updated_at" datetime) [0m
  [4;35;1mSQL (0.3ms)[0m   [0m SELECT name
 FROM sqlite_master
 WHERE type = 'table' AND NOT name = 'sqlite_sequence'
[0m
  [4;36;1mSQL (1.6ms)[0m   [0;1mCREATE TABLE "schema_migrations" ("version" varchar(255) NOT NULL) [0m
  [4;35;1mSQL (1.1ms)[0m   [0mCREATE UNIQUE INDEX "unique_schema_migrations" ON "schema_migrations" ("version")[0m
  [4;36;1mSQL (0.2ms)[0m   [0;1m SELECT name
 FROM sqlite_master
 WHERE type = 'table' AND NOT name = 'sqlite_sequence'
[0m
  [4;35;1mSQL (0.1ms)[0m   [0mSELECT version FROM "schema_migrations"[0m
  [4;36;1mSQL (1.1ms)[0m   [0;1mINSERT INTO "schema_migrations" (version) VALUES ('20100130063006')[0m
  [4;35;1mSQL (1.1ms)[0m   [0mINSERT INTO "schema_migrations" (version) VALUES ('20100130062358')[0m
  [4;36;1mSQL (1.1ms)[0m   [0;1mINSERT INTO "schema_migrations" (version) VALUES ('20100130062614')[0m
  [4;35;1mSQL (1.8ms)[0m   [0mINSERT INTO "schema_migrations" (version) VALUES ('20100130062711')[0m


Processing AuthorsController#index (for 127.0.0.1 at 2010-01-29 22:51:10) [GET]
  [4;36;1mAuthor Load (0.4ms)[0m   [0;1mSELECT * FROM "authors" [0m
Rendering template within layouts/authors
Rendering authors/index
Completed in 35ms (View: 24, DB: 0) | 200 OK [http://0.0.0.0/authors]


Processing AuthorsController#new (for 127.0.0.1 at 2010-01-29 22:51:13) [GET]
Rendering template within layouts/authors
Rendering authors/new
Completed in 13ms (View: 8, DB: 0) | 200 OK [http://0.0.0.0/authors/new]


Processing AuthorsController#create (for 127.0.0.1 at 2010-01-29 22:51:21) [POST]
  Parameters: {"commit"=>"Create", "author"=>{"name"=>"Shakespeare"}, "authenticity_token"=>"0Y+GVp8wE8hIGJgdJqsLeqVrFPvSbrs162UL5gh3+bY="}
  [4;35;1mAuthor Create (0.5ms)[0m   [0mINSERT INTO "authors" ("name", "created_at", "updated_at") VALUES('Shakespeare', '2010-01-30 06:51:21', '2010-01-30 06:51:21')[0m
Redirected to http://0.0.0.0:3000/authors/1
Completed in 66ms (DB: 1) | 302 Found [http://0.0.0.0/authors]


Processing AuthorsController#show (for 127.0.0.1 at 2010-01-29 22:51:21) [GET]
  Parameters: {"id"=>"1"}
  [4;36;1mAuthor Load (0.2ms)[0m   [0;1mSELECT * FROM "authors" WHERE ("authors"."id" = 1) [0m
Rendering template within layouts/authors
Rendering authors/show
Completed in 11ms (View: 6, DB: 0) | 200 OK [http://0.0.0.0/authors/1]


Processing ApplicationController#index (for 127.0.0.1 at 2010-01-29 22:51:28) [GET]

ActionController::RoutingError (No route matches "/plans" with {:method=>:get}):
  

Rendering rescues/layout (not_found)


Processing PlaysController#index (for 127.0.0.1 at 2010-01-29 22:51:37) [GET]
  [4;35;1mPlay Load (0.4ms)[0m   [0mSELECT * FROM "plays" [0m
Rendering template within layouts/plays
Rendering plays/index
Completed in 17ms (View: 11, DB: 0) | 200 OK [http://0.0.0.0/plays]


Processing PlaysController#new (for 127.0.0.1 at 2010-01-29 22:51:40) [GET]
Rendering template within layouts/plays
Rendering plays/new
Completed in 13ms (View: 8, DB: 0) | 200 OK [http://0.0.0.0/plays/new]


Processing PlaysController#create (for 127.0.0.1 at 2010-01-29 22:53:00) [POST]
  Parameters: {"play"=>{"title"=>"Twelfth Night", "author_id"=>"1"}, "commit"=>"Create", "authenticity_token"=>"0Y+GVp8wE8hIGJgdJqsLeqVrFPvSbrs162UL5gh3+bY="}
  [4;36;1mPlay Create (0.3ms)[0m   [0;1mINSERT INTO "plays" ("created_at", "title", "updated_at", "author_id") VALUES('2010-01-30 06:53:00', 'Twelfth Night', '2010-01-30 06:53:00', 1)[0m
Redirected to http://0.0.0.0:3000/plays/1
Completed in 10ms (DB: 0) | 302 Found [http://0.0.0.0/plays]


Processing PlaysController#show (for 127.0.0.1 at 2010-01-29 22:53:00) [GET]
  Parameters: {"id"=>"1"}
  [4;35;1mPlay Load (0.2ms)[0m   [0mSELECT * FROM "plays" WHERE ("plays"."id" = 1) [0m
Rendering template within layouts/plays
Rendering plays/show
Completed in 12ms (View: 6, DB: 0) | 200 OK [http://0.0.0.0/plays/1]


Processing MonologuesController#index (for 127.0.0.1 at 2010-01-29 22:53:12) [GET]
  [4;36;1mMonologue Load (0.4ms)[0m   [0;1mSELECT * FROM "monologues" [0m
Rendering template within layouts/monologues
Rendering monologues/index
Completed in 16ms (View: 11, DB: 0) | 200 OK [http://0.0.0.0/monologues]


Processing MonologuesController#new (for 127.0.0.1 at 2010-01-29 22:54:05) [GET]
Rendering template within layouts/monologues
Rendering monologues/new

ActionView::TemplateError (undefined method `gender_id' for #<Monologue:0x103515e38>) on line #24 of app/views/monologues/new.html.erb:
21:   </p>
22:   <p>
23:     <%= f.label :gender_id %><br />
24:     <%= f.text_field :gender_id %>
25:   </p>
26:   <p>
27:     <%= f.submit 'Create' %>

    app/views/monologues/new.html.erb:24
    app/views/monologues/new.html.erb:3
    app/controllers/monologues_controller.rb:29:in `new'

Rendered rescues/_trace (114.4ms)
Rendered rescues/_request_and_response (1.1ms)
Rendering rescues/layout (internal_server_error)
  [4;36;1mSQL (0.2ms)[0m   [0;1m SELECT name
 FROM sqlite_master
 WHERE type = 'table' AND NOT name = 'sqlite_sequence'
[0m
  [4;35;1mSQL (0.1ms)[0m   [0mselect sqlite_version(*)[0m
  [4;36;1mSQL (1.1ms)[0m   [0;1mCREATE TABLE "schema_migrations" ("version" varchar(255) NOT NULL) [0m
  [4;35;1mSQL (0.9ms)[0m   [0mCREATE UNIQUE INDEX "unique_schema_migrations" ON "schema_migrations" ("version")[0m
  [4;36;1mSQL (0.1ms)[0m   [0;1m SELECT name
 FROM sqlite_master
 WHERE type = 'table' AND NOT name = 'sqlite_sequence'
[0m
  [4;35;1mSQL (0.1ms)[0m   [0mSELECT version FROM schema_migrations[0m
Migrating to CreateMonologues (20100130062358)
  [4;36;1mSQL (0.5ms)[0m   [0;1mCREATE TABLE "monologues" ("id" INTEGER PRIMARY KEY AUTOINCREMENT NOT NULL, "play_id" integer, "section" varchar(255), "name" varchar(255), "body" text, "gender_id" integer, "created_at" datetime, "updated_at" datetime) [0m
  [4;35;1mSQL (0.1ms)[0m   [0mINSERT INTO schema_migrations (version) VALUES ('20100130062358')[0m
Migrating to CreateAuthors (20100130062614)
  [4;36;1mSQL (0.5ms)[0m   [0;1mCREATE TABLE "authors" ("id" INTEGER PRIMARY KEY AUTOINCREMENT NOT NULL, "name" varchar(255), "created_at" datetime, "updated_at" datetime) [0m
  [4;35;1mSQL (0.1ms)[0m   [0mINSERT INTO schema_migrations (version) VALUES ('20100130062614')[0m
Migrating to CreatePlays (20100130062711)
  [4;36;1mSQL (0.4ms)[0m   [0;1mCREATE TABLE "plays" ("id" INTEGER PRIMARY KEY AUTOINCREMENT NOT NULL, "author_id" integer, "title" varchar(255), "created_at" datetime, "updated_at" datetime) [0m
  [4;35;1mSQL (0.1ms)[0m   [0mINSERT INTO schema_migrations (version) VALUES ('20100130062711')[0m
Migrating to CreateGenders (20100130063006)
  [4;36;1mSQL (0.4ms)[0m   [0;1mCREATE TABLE "genders" ("id" INTEGER PRIMARY KEY AUTOINCREMENT NOT NULL, "name" varchar(255), "created_at" datetime, "updated_at" datetime) [0m
  [4;35;1mSQL (0.1ms)[0m   [0mINSERT INTO schema_migrations (version) VALUES ('20100130063006')[0m
  [4;36;1mSQL (0.3ms)[0m   [0;1m SELECT name
 FROM sqlite_master
 WHERE type = 'table' AND NOT name = 'sqlite_sequence'
[0m
  [4;35;1mSQL (0.2ms)[0m   [0mSELECT version FROM schema_migrations[0m
  [4;36;1mSQL (0.2ms)[0m   [0;1m SELECT name
 FROM sqlite_master
 WHERE type = 'table' AND NOT name = 'sqlite_sequence'
[0m
  [4;35;1mSQL (0.0ms)[0m   [0mPRAGMA index_list("authors")[0m
  [4;36;1mSQL (0.0ms)[0m   [0;1mPRAGMA index_list("genders")[0m
  [4;35;1mSQL (0.0ms)[0m   [0mPRAGMA index_list("monologues")[0m
  [4;36;1mSQL (0.0ms)[0m   [0;1mPRAGMA index_list("plays")[0m
  [4;36;1mGender Create (0.4ms)[0m   [0;1mINSERT INTO "genders" ("name", "created_at", "updated_at") VALUES('Both', '2010-01-30 06:56:03', '2010-01-30 06:56:03')[0m
  [4;35;1mGender Create (0.3ms)[0m   [0mINSERT INTO "genders" ("name", "created_at", "updated_at") VALUES('Women', '2010-01-30 06:56:03', '2010-01-30 06:56:03')[0m
  [4;36;1mGender Create (0.3ms)[0m   [0;1mINSERT INTO "genders" ("name", "created_at", "updated_at") VALUES('Men', '2010-01-30 06:56:03', '2010-01-30 06:56:03')[0m
  [4;35;1mAuthor Create (0.3ms)[0m   [0mINSERT INTO "authors" ("name", "created_at", "updated_at") VALUES('Shakespeare', '2010-01-30 06:56:03', '2010-01-30 06:56:03')[0m


Processing MonologuesController#new (for 127.0.0.1 at 2010-01-29 22:56:09) [GET]
Rendering template within layouts/monologues
Rendering monologues/new
Completed in 12ms (View: 6, DB: 0) | 200 OK [http://0.0.0.0/monologues/new]


Processing AuthorsController#index (for 127.0.0.1 at 2010-01-29 22:56:22) [GET]
  [4;35;1mAuthor Load (0.5ms)[0m   [0mSELECT * FROM "authors" [0m
Rendering template within layouts/authors
Rendering authors/index
Completed in 9ms (View: 5, DB: 0) | 200 OK [http://0.0.0.0/authors]


Processing PlaysController#index (for 127.0.0.1 at 2010-01-29 22:56:31) [GET]
  [4;36;1mPlay Load (0.4ms)[0m   [0;1mSELECT * FROM "plays" [0m
Rendering template within layouts/plays
Rendering plays/index
Completed in 6ms (View: 1, DB: 0) | 200 OK [http://0.0.0.0/plays]


Processing PlaysController#new (for 127.0.0.1 at 2010-01-29 22:56:33) [GET]
Rendering template within layouts/plays
Rendering plays/new
Completed in 9ms (View: 4, DB: 0) | 200 OK [http://0.0.0.0/plays/new]


Processing PlaysController#create (for 127.0.0.1 at 2010-01-29 22:56:42) [POST]
  Parameters: {"play"=>{"title"=>"Twelfth Night", "author_id"=>"1"}, "commit"=>"Create", "authenticity_token"=>"0Y+GVp8wE8hIGJgdJqsLeqVrFPvSbrs162UL5gh3+bY="}
  [4;35;1mPlay Create (0.3ms)[0m   [0mINSERT INTO "plays" ("created_at", "title", "updated_at", "author_id") VALUES('2010-01-30 06:56:42', 'Twelfth Night', '2010-01-30 06:56:42', 1)[0m
Redirected to http://0.0.0.0:3000/plays/1
Completed in 9ms (DB: 0) | 302 Found [http://0.0.0.0/plays]


Processing PlaysController#show (for 127.0.0.1 at 2010-01-29 22:56:42) [GET]
  Parameters: {"id"=>"1"}
  [4;36;1mPlay Load (0.2ms)[0m   [0;1mSELECT * FROM "plays" WHERE ("plays"."id" = 1) [0m
Rendering template within layouts/plays
Rendering plays/show
Completed in 70ms (View: 2, DB: 0) | 200 OK [http://0.0.0.0/plays/1]


Processing MonologuesController#new (for 127.0.0.1 at 2010-01-29 22:56:52) [GET]
Rendering template within layouts/monologues
Rendering monologues/new
Completed in 11ms (View: 5, DB: 0) | 200 OK [http://0.0.0.0/monologues/new]


Processing MonologuesController#create (for 127.0.0.1 at 2010-01-29 22:57:51) [POST]
  Parameters: {"commit"=>"Create", "authenticity_token"=>"0Y+GVp8wE8hIGJgdJqsLeqVrFPvSbrs162UL5gh3+bY=", "monologue"=>{"name"=>"If music be the food of love, play on", "section"=>"I i 1", "body"=>"If music be the food of love, play on;\r\nGive me excess of it, that, surfeiting,\r\nThe appetite may sicken, and so die.\r\nThat strain again! it had a dying fall: \r\nO, it came o'er my ear like the sweet sound,\r\nThat breathes upon a bank of violets,\r\nStealing and giving odour! Enough; no more:\r\n'Tis not so sweet now as it was before.\r\nO spirit of love! how quick and fresh art thou,\r\nThat, notwithstanding thy capacity\r\nReceiveth as the sea, nought enters there,\r\nOf what validity and pitch soe'er,\r\nBut falls into abatement and low price,\r\nEven in a minute: so full of shapes is fancy \r\nThat it alone is high fantastical.", "gender_id"=>"3", "play_id"=>"1"}}
  [4;35;1mMonologue Create (0.3ms)[0m   [0mINSERT INTO "monologues" ("section", "name", "created_at", "body", "updated_at", "gender_id", "play_id") VALUES('I i 1', 'If music be the food of love, play on', '2010-01-30 06:57:51', 'If music be the food of love, play on;
Give me excess of it, that, surfeiting,
The appetite may sicken, and so die.
That strain again! it had a dying fall: 
O, it came o''er my ear like the sweet sound,
That breathes upon a bank of violets,
Stealing and giving odour! Enough; no more:
''Tis not so sweet now as it was before.
O spirit of love! how quick and fresh art thou,
That, notwithstanding thy capacity
Receiveth as the sea, nought enters there,
Of what validity and pitch soe''er,
But falls into abatement and low price,
Even in a minute: so full of shapes is fancy 
That it alone is high fantastical.', '2010-01-30 06:57:51', 3, 1)[0m
Redirected to http://0.0.0.0:3000/monologues/1
Completed in 343ms (DB: 0) | 302 Found [http://0.0.0.0/monologues]


Processing MonologuesController#show (for 127.0.0.1 at 2010-01-29 22:57:51) [GET]
  Parameters: {"id"=>"1"}
  [4;36;1mMonologue Load (0.2ms)[0m   [0;1mSELECT * FROM "monologues" WHERE ("monologues"."id" = 1) [0m
Rendering template within layouts/monologues
Rendering monologues/show
Completed in 12ms (View: 7, DB: 0) | 200 OK [http://0.0.0.0/monologues/1]


Processing MonologuesController#index (for 127.0.0.1 at 2010-01-29 22:58:03) [GET]
  [4;35;1mMonologue Load (0.5ms)[0m   [0mSELECT * FROM "monologues" [0m
Rendering template within layouts/monologues
Rendering monologues/index
Completed in 10ms (View: 6, DB: 0) | 200 OK [http://0.0.0.0/monologues/]
  [4;36;1mSQL (0.5ms)[0m   [0;1m SELECT name
 FROM sqlite_master
 WHERE type = 'table' AND NOT name = 'sqlite_sequence'
[0m
  [4;35;1mSQL (0.2ms)[0m   [0mSELECT version FROM schema_migrations[0m
Migrating to CreateMonologues (20100130062358)
Migrating to CreateAuthors (20100130062614)
Migrating to CreatePlays (20100130062711)
Migrating to CreateGenders (20100130063006)
Migrating to AddCharacterToMonologue (20100130065904)
  [4;36;1mSQL (0.1ms)[0m   [0;1mselect sqlite_version(*)[0m
  [4;35;1mSQL (0.0ms)[0m   [0mSQLite3::SQLException: no such table: monologue: ALTER TABLE "monologue" ADD "character" varchar(255)[0m


Processing MonologuesController#index (for 127.0.0.1 at 2010-01-29 23:07:51) [GET]
  [4;36;1mMonologue Load (0.5ms)[0m   [0;1mSELECT * FROM "monologues" [0m
Rendering template within layouts/monologues
Rendering monologues/index

ActionView::TemplateError (undefined method `character' for #<Monologue:0x103308488>) on line #16 of app/views/monologues/index.html.erb:
13: <% @monologues.each do |monologue| %>
14:   <tr>
15:     <td><%=h monologue.play_id %></td>
16:     <td><%=h monologue.character %></td>
17:     <td><%=h monologue.style %></td>
18:     <td><%=h monologue.section %></td>
19:     <td><div title="<%=h monologue.body %>"><%=h monologue.name %></div></td>

    app/views/monologues/index.html.erb:16
    app/views/monologues/index.html.erb:13:in `each'
    app/views/monologues/index.html.erb:13
    app/controllers/monologues_controller.rb:7:in `index'

Rendered rescues/_trace (41.5ms)
Rendered rescues/_request_and_response (0.3ms)
Rendering rescues/layout (internal_server_error)
  [4;36;1mSQL (0.5ms)[0m   [0;1m SELECT name
 FROM sqlite_master
 WHERE type = 'table' AND NOT name = 'sqlite_sequence'
[0m
  [4;35;1mSQL (0.2ms)[0m   [0mSELECT version FROM schema_migrations[0m
Migrating to CreateMonologues (20100130062358)
Migrating to CreateAuthors (20100130062614)
Migrating to CreatePlays (20100130062711)
Migrating to CreateGenders (20100130063006)
Migrating to AddCharacterToMonologue (20100130065904)
  [4;36;1mSQL (0.1ms)[0m   [0;1mselect sqlite_version(*)[0m
  [4;35;1mSQL (0.0ms)[0m   [0mSQLite3::SQLException: no such table: monologue: ALTER TABLE "monologue" ADD "character" varchar(255)[0m
  [4;36;1mSQL (0.5ms)[0m   [0;1m SELECT name
 FROM sqlite_master
 WHERE type = 'table' AND NOT name = 'sqlite_sequence'
[0m
  [4;35;1mSQL (0.2ms)[0m   [0mSELECT version FROM schema_migrations[0m
Migrating to CreateMonologues (20100130062358)
Migrating to CreateAuthors (20100130062614)
Migrating to CreatePlays (20100130062711)
Migrating to CreateGenders (20100130063006)
Migrating to AddCharacterToMonologue (20100130065904)
  [4;36;1mSQL (0.1ms)[0m   [0;1mselect sqlite_version(*)[0m
  [4;35;1mSQL (0.5ms)[0m   [0mALTER TABLE "monologues" ADD "character" varchar(255)[0m
  [4;36;1mSQL (0.1ms)[0m   [0;1mINSERT INTO schema_migrations (version) VALUES ('20100130065904')[0m
  [4;35;1mSQL (0.3ms)[0m   [0m SELECT name
 FROM sqlite_master
 WHERE type = 'table' AND NOT name = 'sqlite_sequence'
[0m
  [4;36;1mSQL (0.2ms)[0m   [0;1mSELECT version FROM schema_migrations[0m
  [4;35;1mSQL (0.2ms)[0m   [0m SELECT name
 FROM sqlite_master
 WHERE type = 'table' AND NOT name = 'sqlite_sequence'
[0m
  [4;36;1mSQL (0.0ms)[0m   [0;1mPRAGMA index_list("authors")[0m
  [4;35;1mSQL (0.0ms)[0m   [0mPRAGMA index_list("genders")[0m
  [4;36;1mSQL (0.0ms)[0m   [0;1mPRAGMA index_list("monologues")[0m
  [4;35;1mSQL (0.0ms)[0m   [0mPRAGMA index_list("plays")[0m


Processing MonologuesController#index (for 127.0.0.1 at 2010-01-29 23:09:17) [GET]
  [4;35;1mMonologue Load (0.5ms)[0m   [0mSELECT * FROM "monologues" [0m
Rendering template within layouts/monologues
Rendering monologues/index

ActionView::TemplateError (undefined method `style' for #<Monologue:0x1033e67b0>) on line #17 of app/views/monologues/index.html.erb:
14:   <tr>
15:     <td><%=h monologue.play_id %></td>
16:     <td><%=h monologue.character %></td>
17:     <td><%=h monologue.style %></td>
18:     <td><%=h monologue.section %></td>
19:     <td><div title="<%=h monologue.body %>"><%=h monologue.name %></div></td>
20:     <td><%=h monologue.gender.name %></td>

    app/views/monologues/index.html.erb:17
    app/views/monologues/index.html.erb:13:in `each'
    app/views/monologues/index.html.erb:13
    app/controllers/monologues_controller.rb:7:in `index'

Rendered rescues/_trace (112.5ms)
Rendered rescues/_request_and_response (0.3ms)
Rendering rescues/layout (internal_server_error)
  [4;36;1mSQL (0.5ms)[0m   [0;1m SELECT name
 FROM sqlite_master
 WHERE type = 'table' AND NOT name = 'sqlite_sequence'
[0m
  [4;35;1mSQL (0.2ms)[0m   [0mSELECT version FROM schema_migrations[0m
  [4;36;1mSQL (0.2ms)[0m   [0;1m SELECT name
 FROM sqlite_master
 WHERE type = 'table' AND NOT name = 'sqlite_sequence'
[0m
  [4;35;1mSQL (0.2ms)[0m   [0mSELECT version FROM schema_migrations[0m
Migrating to AddCharacterToMonologue (20100130065904)
  [4;36;1mSQL (0.1ms)[0m   [0;1mselect sqlite_version(*)[0m
  [4;35;1mSQL (0.6ms)[0m   [0mCREATE TEMPORARY TABLE "altered_monologues" ("id" INTEGER PRIMARY KEY AUTOINCREMENT NOT NULL, "play_id" integer, "section" varchar(255), "name" varchar(255), "body" text, "gender_id" integer, "created_at" datetime, "updated_at" datetime, "character" varchar(255)) [0m
  [4;36;1mSQL (0.0ms)[0m   [0;1mPRAGMA index_list("monologues")[0m
  [4;35;1mSQL (0.9ms)[0m   [0mDROP TABLE "monologues"[0m
  [4;36;1mSQL (0.2ms)[0m   [0;1mCREATE TABLE "monologues" ("id" INTEGER PRIMARY KEY AUTOINCREMENT NOT NULL, "play_id" integer, "section" varchar(255), "name" varchar(255), "body" text, "gender_id" integer, "created_at" datetime, "updated_at" datetime) [0m
  [4;35;1mSQL (0.0ms)[0m   [0mPRAGMA index_list("altered_monologues")[0m
  [4;36;1mSQL (0.4ms)[0m   [0;1mDROP TABLE "altered_monologues"[0m
  [4;35;1mSQL (0.1ms)[0m   [0mDELETE FROM schema_migrations WHERE version = '20100130065904'[0m
  [4;36;1mSQL (0.3ms)[0m   [0;1m SELECT name
 FROM sqlite_master
 WHERE type = 'table' AND NOT name = 'sqlite_sequence'
[0m
  [4;35;1mSQL (0.2ms)[0m   [0mSELECT version FROM schema_migrations[0m
  [4;36;1mSQL (0.2ms)[0m   [0;1m SELECT name
 FROM sqlite_master
 WHERE type = 'table' AND NOT name = 'sqlite_sequence'
[0m
  [4;35;1mSQL (0.0ms)[0m   [0mPRAGMA index_list("authors")[0m
  [4;36;1mSQL (0.1ms)[0m   [0;1mPRAGMA index_list("genders")[0m
  [4;35;1mSQL (0.1ms)[0m   [0mPRAGMA index_list("monologues")[0m
  [4;36;1mSQL (0.0ms)[0m   [0;1mPRAGMA index_list("plays")[0m
  [4;35;1mSQL (0.3ms)[0m   [0m SELECT name
 FROM sqlite_master
 WHERE type = 'table' AND NOT name = 'sqlite_sequence'
[0m
  [4;36;1mSQL (0.2ms)[0m   [0;1mSELECT version FROM schema_migrations[0m
Migrating to CreateMonologues (20100130062358)
Migrating to CreateAuthors (20100130062614)
Migrating to CreatePlays (20100130062711)
Migrating to CreateGenders (20100130063006)
Migrating to AddCharacterToMonologue (20100130065904)
  [4;35;1mSQL (0.4ms)[0m   [0mALTER TABLE "monologues" ADD "character" varchar(255)[0m
  [4;36;1mSQL (0.2ms)[0m   [0;1mALTER TABLE "monologues" ADD "style" varchar(255)[0m
  [4;35;1mSQL (0.1ms)[0m   [0mINSERT INTO schema_migrations (version) VALUES ('20100130065904')[0m
  [4;36;1mSQL (0.3ms)[0m   [0;1m SELECT name
 FROM sqlite_master
 WHERE type = 'table' AND NOT name = 'sqlite_sequence'
[0m
  [4;35;1mSQL (0.2ms)[0m   [0mSELECT version FROM schema_migrations[0m
  [4;36;1mSQL (0.2ms)[0m   [0;1m SELECT name
 FROM sqlite_master
 WHERE type = 'table' AND NOT name = 'sqlite_sequence'
[0m
  [4;35;1mSQL (0.0ms)[0m   [0mPRAGMA index_list("authors")[0m
  [4;36;1mSQL (0.0ms)[0m   [0;1mPRAGMA index_list("genders")[0m
  [4;35;1mSQL (0.0ms)[0m   [0mPRAGMA index_list("monologues")[0m
  [4;36;1mSQL (0.0ms)[0m   [0;1mPRAGMA index_list("plays")[0m


Processing MonologuesController#index (for 127.0.0.1 at 2010-01-29 23:11:29) [GET]
  [4;36;1mMonologue Load (0.5ms)[0m   [0;1mSELECT * FROM "monologues" [0m
Rendering template within layouts/monologues
Rendering monologues/index
  [4;35;1mGender Load (0.0ms)[0m   [0mSQLite3::SQLException: no such column: genders.monologue_id: SELECT * FROM "genders" WHERE ("genders".monologue_id = 1) LIMIT 1[0m

ActionView::TemplateError (SQLite3::SQLException: no such column: genders.monologue_id: SELECT * FROM "genders" WHERE ("genders".monologue_id = 1)  LIMIT 1) on line #20 of app/views/monologues/index.html.erb:
17:     <td><%=h monologue.style %></td>
18:     <td><%=h monologue.section %></td>
19:     <td><div title="<%=h monologue.body %>"><%=h monologue.name %></div></td>
20:     <td><%=h monologue.gender.name %></td>
21:     <td><%= link_to 'Show', monologue %></td>
22:     <td><%= link_to 'Edit', edit_monologue_path(monologue) %></td>
23:     <td><%= link_to 'Destroy', monologue, :confirm => 'Are you sure?', :method => :delete %></td>

    app/views/monologues/index.html.erb:20
    app/views/monologues/index.html.erb:13:in `each'
    app/views/monologues/index.html.erb:13
    app/controllers/monologues_controller.rb:7:in `index'

Rendered rescues/_trace (48.9ms)
Rendered rescues/_request_and_response (0.3ms)
Rendering rescues/layout (internal_server_error)


Processing MonologuesController#index (for 127.0.0.1 at 2010-01-29 23:16:27) [GET]
  [4;36;1mMonologue Load (0.6ms)[0m   [0;1mSELECT * FROM "monologues" [0m
Rendering template within layouts/monologues
Rendering monologues/index
  [4;35;1mGender Load (0.2ms)[0m   [0mSELECT * FROM "genders" WHERE ("genders"."id" = 3) [0m
Completed in 85ms (View: 11, DB: 1) | 200 OK [http://0.0.0.0/monologues/]


Processing MonologuesController#index (for 127.0.0.1 at 2010-01-29 23:16:56) [GET]
  [4;36;1mMonologue Load (0.5ms)[0m   [0;1mSELECT * FROM "monologues" [0m
Rendering template within layouts/monologues
Rendering monologues/index
  [4;35;1mPlay Load (0.2ms)[0m   [0mSELECT * FROM "plays" WHERE ("plays"."id" = 1) [0m

ActionView::TemplateError (undefined method `name' for #<ActiveRecord::Associations::BelongsToAssociation:0x1035b8070>) on line #15 of app/views/monologues/index.html.erb:
12: 
13: <% @monologues.each do |monologue| %>
14:   <tr>
15:     <td><%=h monologue.play.name %></td>
16:     <td><%=h monologue.character %></td>
17:     <td><%=h monologue.style %></td>
18:     <td><%=h monologue.section %></td>

    app/views/monologues/index.html.erb:15
    app/views/monologues/index.html.erb:13:in `each'
    app/views/monologues/index.html.erb:13
    app/controllers/monologues_controller.rb:7:in `index'

Rendered rescues/_trace (41.1ms)
Rendered rescues/_request_and_response (0.3ms)
Rendering rescues/layout (internal_server_error)


Processing MonologuesController#index (for 127.0.0.1 at 2010-01-29 23:17:51) [GET]
  [4;36;1mMonologue Load (0.5ms)[0m   [0;1mSELECT * FROM "monologues" [0m
Rendering template within layouts/monologues
Rendering monologues/index
  [4;35;1mPlay Load (0.2ms)[0m   [0mSELECT * FROM "plays" WHERE ("plays"."id" = 1) [0m
  [4;36;1mGender Load (0.2ms)[0m   [0;1mSELECT * FROM "genders" WHERE ("genders"."id" = 3) [0m
Completed in 92ms (View: 86, DB: 1) | 200 OK [http://0.0.0.0/monologues/]


Processing MonologuesController#edit (for 127.0.0.1 at 2010-01-29 23:17:58) [GET]
  Parameters: {"id"=>"1"}
  [4;35;1mMonologue Load (0.2ms)[0m   [0mSELECT * FROM "monologues" WHERE ("monologues"."id" = 1) [0m
Rendering template within layouts/monologues
Rendering monologues/edit
Completed in 19ms (View: 12, DB: 0) | 200 OK [http://0.0.0.0/monologues/1/edit]


Processing MonologuesController#update (for 127.0.0.1 at 2010-01-29 23:18:31) [PUT]
  Parameters: {"commit"=>"Update", "authenticity_token"=>"0Y+GVp8wE8hIGJgdJqsLeqVrFPvSbrs162UL5gh3+bY=", "id"=>"1", "monologue"=>{"name"=>"If music be the food of love, play on", "section"=>"I i 1", "character"=>"Orsino", "body"=>"If music be the food of love, play on;\r\nGive me excess of it, that, surfeiting,\r\nThe appetite may sicken, and so die.\r\nThat strain again! it had a dying fall: \r\nO, it came o'er my ear like the sweet sound,\r\nThat breathes upon a bank of violets,\r\nStealing and giving odour! Enough; no more:\r\n'Tis not so sweet now as it was before.\r\nO spirit of love! how quick and fresh art thou,\r\nThat, notwithstanding thy capacity\r\nReceiveth as the sea, nought enters there,\r\nOf what validity and pitch soe'er,\r\nBut falls into abatement and low price,\r\nEven in a minute: so full of shapes is fancy \r\nThat it alone is high fantastical.", "gender_id"=>"3", "style"=>"Verse", "play_id"=>"1"}}
  [4;36;1mMonologue Load (0.2ms)[0m   [0;1mSELECT * FROM "monologues" WHERE ("monologues"."id" = 1) [0m
  [4;35;1mMonologue Update (0.3ms)[0m   [0mUPDATE "monologues" SET "updated_at" = '2010-01-30 07:18:31', "character" = 'Orsino', "style" = 'Verse' WHERE "id" = 1[0m
Redirected to http://0.0.0.0:3000/monologues/1
Completed in 23ms (DB: 1) | 302 Found [http://0.0.0.0/monologues/1]


Processing MonologuesController#show (for 127.0.0.1 at 2010-01-29 23:18:31) [GET]
  Parameters: {"id"=>"1"}
  [4;36;1mMonologue Load (0.3ms)[0m   [0;1mSELECT * FROM "monologues" WHERE ("monologues"."id" = 1) [0m
Rendering template within layouts/monologues
Rendering monologues/show
Completed in 12ms (View: 7, DB: 0) | 200 OK [http://0.0.0.0/monologues/1]


Processing MonologuesController#index (for 127.0.0.1 at 2010-01-29 23:18:34) [GET]
  [4;35;1mMonologue Load (0.5ms)[0m   [0mSELECT * FROM "monologues" [0m
Rendering template within layouts/monologues
Rendering monologues/index
  [4;36;1mPlay Load (0.2ms)[0m   [0;1mSELECT * FROM "plays" WHERE ("plays"."id" = 1) [0m
  [4;35;1mGender Load (0.2ms)[0m   [0mSELECT * FROM "genders" WHERE ("genders"."id" = 3) [0m
Completed in 20ms (View: 15, DB: 1) | 200 OK [http://0.0.0.0/monologues]


Processing MonologuesController#new (for 127.0.0.1 at 2010-01-29 23:48:37) [GET]
Rendering template within layouts/monologues
Rendering monologues/new
Completed in 16ms (View: 11, DB: 0) | 200 OK [http://0.0.0.0/monologues/new]


Processing MonologuesController#create (for 127.0.0.1 at 2010-01-29 23:51:42) [POST]
  Parameters: {"commit"=>"Create", "authenticity_token"=>"0Y+GVp8wE8hIGJgdJqsLeqVrFPvSbrs162UL5gh3+bY=", "monologue"=>{"name"=>"M, O, A, I; this simulation is not as the former", "section"=>"II v 1", "character"=>"Malvolio", "body"=>"M, O, A, I; this simulation is not as the former: and yet, to crush this a little, it would bow to me, for every one of these letters are in my name. Soft! here follows prose.\r\n[Reads]\r\n'If this fall into thy hand, revolve. In my stars I am above thee; but be not afraid of greatness: some are born great, some achieve greatness, and some have greatness thrust upon 'em. Thy Fates open their hands; let thy blood and spirit embrace them; and, to inure thyself to what thou art like to be, cast thy humble slough and appear fresh. Be opposite with a kinsman, surly with servants; let thy tongue tang arguments of state; put thyself into the trick of singularity: she thus advises thee that sighs for thee. Remember who commended thy yellow stockings, and wished to see thee ever cross-gartered: I say, remember. Go to, thou art made, if thou desirest to be so; if not, let me see thee a steward still, the fellow of servants, and not worthy to touch Fortune's fingers. Farewell. She that would alter services with thee, THE FORTUNATE-UNHAPPY.'\r\nDaylight and champaign discovers not more: this is open. I will be proud, I will read politic authors, I will baffle Sir Toby, I will wash off gross acquaintance, I will be point-devise the very man. I do not now fool myself, to let imagination jade me; for every reason excites to this, that my lady loves me. She did commend my yellow stockings of late, she did praise my leg being cross-gartered; and in this she manifests herself to my love, and with a kind of injunction drives me to these habits of her liking. I thank my stars I am happy. I will be strange, stout, in yellow stockings, and cross-gartered, even with the swiftness of putting on. Jove and my stars be praised! Here is yet a postscript.\r\n[Reads]\r\n'Thou canst not choose but know who I am. If thou entertainest my love, let it appear in thy smiling; thy smiles become thee well; therefore in my presence still smile, dear my sweet, I prithee.' Jove, I thank thee: I will smile; I will do everything that thou wilt have me. \r\n\r\n[Exit]", "gender_id"=>"3", "style"=>"Prose", "play_id"=>"Twelfth Night"}}
  [4;36;1mMonologue Create (0.4ms)[0m   [0;1mINSERT INTO "monologues" ("section", "name", "created_at", "body", "character", "updated_at", "gender_id", "play_id", "style") VALUES('II v 1', 'M, O, A, I; this simulation is not as the former', '2010-01-30 07:51:42', 'M, O, A, I; this simulation is not as the former: and yet, to crush this a little, it would bow to me, for every one of these letters are in my name. Soft! here follows prose.
[Reads]
''If this fall into thy hand, revolve. In my stars I am above thee; but be not afraid of greatness: some are born great, some achieve greatness, and some have greatness thrust upon ''em. Thy Fates open their hands; let thy blood and spirit embrace them; and, to inure thyself to what thou art like to be, cast thy humble slough and appear fresh. Be opposite with a kinsman, surly with servants; let thy tongue tang arguments of state; put thyself into the trick of singularity: she thus advises thee that sighs for thee. Remember who commended thy yellow stockings, and wished to see thee ever cross-gartered: I say, remember. Go to, thou art made, if thou desirest to be so; if not, let me see thee a steward still, the fellow of servants, and not worthy to touch Fortune''s fingers. Farewell. She that would alter services with thee, THE FORTUNATE-UNHAPPY.''
Daylight and champaign discovers not more: this is open. I will be proud, I will read politic authors, I will baffle Sir Toby, I will wash off gross acquaintance, I will be point-devise the very man. I do not now fool myself, to let imagination jade me; for every reason excites to this, that my lady loves me. She did commend my yellow stockings of late, she did praise my leg being cross-gartered; and in this she manifests herself to my love, and with a kind of injunction drives me to these habits of her liking. I thank my stars I am happy. I will be strange, stout, in yellow stockings, and cross-gartered, even with the swiftness of putting on. Jove and my stars be praised! Here is yet a postscript.
[Reads]
''Thou canst not choose but know who I am. If thou entertainest my love, let it appear in thy smiling; thy smiles become thee well; therefore in my presence still smile, dear my sweet, I prithee.'' Jove, I thank thee: I will smile; I will do everything that thou wilt have me. 

[Exit]', 'Malvolio', '2010-01-30 07:51:42', 3, 0, 'Prose')[0m
Redirected to http://0.0.0.0:3000/monologues/2
Completed in 12ms (DB: 0) | 302 Found [http://0.0.0.0/monologues]


Processing MonologuesController#show (for 127.0.0.1 at 2010-01-29 23:51:42) [GET]
  Parameters: {"id"=>"2"}
  [4;35;1mMonologue Load (0.3ms)[0m   [0mSELECT * FROM "monologues" WHERE ("monologues"."id" = 2) [0m
Rendering template within layouts/monologues
Rendering monologues/show
Completed in 9ms (View: 3, DB: 0) | 200 OK [http://0.0.0.0/monologues/2]


Processing MonologuesController#index (for 127.0.0.1 at 2010-01-29 23:51:48) [GET]
  [4;36;1mMonologue Load (0.6ms)[0m   [0;1mSELECT * FROM "monologues" [0m
Rendering template within layouts/monologues
Rendering monologues/index
  [4;35;1mPlay Load (0.2ms)[0m   [0mSELECT * FROM "plays" WHERE ("plays"."id" = 1) [0m
  [4;36;1mGender Load (0.2ms)[0m   [0;1mSELECT * FROM "genders" WHERE ("genders"."id" = 3) [0m
  [4;35;1mPlay Load (0.2ms)[0m   [0mSELECT * FROM "plays" WHERE ("plays"."id" = 0) [0m

ActionView::TemplateError (undefined method `title' for nil:NilClass) on line #15 of app/views/monologues/index.html.erb:
12: 
13: <% @monologues.each do |monologue| %>
14:   <tr>
15:     <td><%=h monologue.play.title %></td>
16:     <td><%=h monologue.character %></td>
17:     <td><%=h monologue.style %></td>
18:     <td><%=h monologue.section %></td>

    app/views/monologues/index.html.erb:15
    app/views/monologues/index.html.erb:13:in `each'
    app/views/monologues/index.html.erb:13
    app/controllers/monologues_controller.rb:7:in `index'

Rendered rescues/_trace (102.9ms)
Rendered rescues/_request_and_response (0.3ms)
Rendering rescues/layout (internal_server_error)


Processing MonologuesController#show (for 127.0.0.1 at 2010-01-29 23:51:55) [GET]
  Parameters: {"id"=>"1"}
  [4;36;1mMonologue Load (0.3ms)[0m   [0;1mSELECT * FROM "monologues" WHERE ("monologues"."id" = 1) [0m
Rendering template within layouts/monologues
Rendering monologues/show
Completed in 9ms (View: 3, DB: 0) | 200 OK [http://0.0.0.0/monologues/1]


Processing MonologuesController#index (for 127.0.0.1 at 2010-01-29 23:52:02) [GET]
  [4;35;1mMonologue Load (0.6ms)[0m   [0mSELECT * FROM "monologues" [0m
Rendering template within layouts/monologues
Rendering monologues/index
  [4;36;1mPlay Load (0.2ms)[0m   [0;1mSELECT * FROM "plays" WHERE ("plays"."id" = 1) [0m
  [4;35;1mGender Load (0.2ms)[0m   [0mSELECT * FROM "genders" WHERE ("genders"."id" = 3) [0m
  [4;36;1mPlay Load (0.2ms)[0m   [0;1mSELECT * FROM "plays" WHERE ("plays"."id" = 0) [0m

ActionView::TemplateError (undefined method `title' for nil:NilClass) on line #15 of app/views/monologues/index.html.erb:
12: 
13: <% @monologues.each do |monologue| %>
14:   <tr>
15:     <td><%=h monologue.play.title %></td>
16:     <td><%=h monologue.character %></td>
17:     <td><%=h monologue.style %></td>
18:     <td><%=h monologue.section %></td>

    app/views/monologues/index.html.erb:15
    app/views/monologues/index.html.erb:13:in `each'
    app/views/monologues/index.html.erb:13
    app/controllers/monologues_controller.rb:7:in `index'

Rendered rescues/_trace (109.7ms)
Rendered rescues/_request_and_response (0.3ms)
Rendering rescues/layout (internal_server_error)


Processing MonologuesController#show (for 127.0.0.1 at 2010-01-29 23:52:12) [GET]
  Parameters: {"id"=>"1"}
  [4;35;1mMonologue Load (0.3ms)[0m   [0mSELECT * FROM "monologues" WHERE ("monologues"."id" = 1) [0m
Rendering template within layouts/monologues
Rendering monologues/show
Completed in 9ms (View: 3, DB: 0) | 200 OK [http://0.0.0.0/monologues/1]


Processing MonologuesController#create (for 127.0.0.1 at 2010-01-29 23:52:38) [POST]
  Parameters: {"commit"=>"Create", "authenticity_token"=>"0Y+GVp8wE8hIGJgdJqsLeqVrFPvSbrs162UL5gh3+bY=", "monologue"=>{"name"=>"M, O, A, I; this simulation is not as the former", "section"=>"II v 1", "character"=>"Malvolio", "body"=>"M, O, A, I; this simulation is not as the former: and yet, to crush this a little, it would bow to me, for every one of these letters are in my name. Soft! here follows prose.\r\n[Reads]\r\n'If this fall into thy hand, revolve. In my stars I am above thee; but be not afraid of greatness: some are born great, some achieve greatness, and some have greatness thrust upon 'em. Thy Fates open their hands; let thy blood and spirit embrace them; and, to inure thyself to what thou art like to be, cast thy humble slough and appear fresh. Be opposite with a kinsman, surly with servants; let thy tongue tang arguments of state; put thyself into the trick of singularity: she thus advises thee that sighs for thee. Remember who commended thy yellow stockings, and wished to see thee ever cross-gartered: I say, remember. Go to, thou art made, if thou desirest to be so; if not, let me see thee a steward still, the fellow of servants, and not worthy to touch Fortune's fingers. Farewell. She that would alter services with thee, THE FORTUNATE-UNHAPPY.'\r\nDaylight and champaign discovers not more: this is open. I will be proud, I will read politic authors, I will baffle Sir Toby, I will wash off gross acquaintance, I will be point-devise the very man. I do not now fool myself, to let imagination jade me; for every reason excites to this, that my lady loves me. She did commend my yellow stockings of late, she did praise my leg being cross-gartered; and in this she manifests herself to my love, and with a kind of injunction drives me to these habits of her liking. I thank my stars I am happy. I will be strange, stout, in yellow stockings, and cross-gartered, even with the swiftness of putting on. Jove and my stars be praised! Here is yet a postscript.\r\n[Reads]\r\n'Thou canst not choose but know who I am. If thou entertainest my love, let it appear in thy smiling; thy smiles become thee well; therefore in my presence still smile, dear my sweet, I prithee.' Jove, I thank thee: I will smile; I will do everything that thou wilt have me. \r\n\r\n[Exit]", "gender_id"=>"3", "style"=>"Prose", "play_id"=>"1"}}
  [4;36;1mMonologue Create (0.4ms)[0m   [0;1mINSERT INTO "monologues" ("section", "name", "created_at", "body", "character", "updated_at", "gender_id", "play_id", "style") VALUES('II v 1', 'M, O, A, I; this simulation is not as the former', '2010-01-30 07:52:38', 'M, O, A, I; this simulation is not as the former: and yet, to crush this a little, it would bow to me, for every one of these letters are in my name. Soft! here follows prose.
[Reads]
''If this fall into thy hand, revolve. In my stars I am above thee; but be not afraid of greatness: some are born great, some achieve greatness, and some have greatness thrust upon ''em. Thy Fates open their hands; let thy blood and spirit embrace them; and, to inure thyself to what thou art like to be, cast thy humble slough and appear fresh. Be opposite with a kinsman, surly with servants; let thy tongue tang arguments of state; put thyself into the trick of singularity: she thus advises thee that sighs for thee. Remember who commended thy yellow stockings, and wished to see thee ever cross-gartered: I say, remember. Go to, thou art made, if thou desirest to be so; if not, let me see thee a steward still, the fellow of servants, and not worthy to touch Fortune''s fingers. Farewell. She that would alter services with thee, THE FORTUNATE-UNHAPPY.''
Daylight and champaign discovers not more: this is open. I will be proud, I will read politic authors, I will baffle Sir Toby, I will wash off gross acquaintance, I will be point-devise the very man. I do not now fool myself, to let imagination jade me; for every reason excites to this, that my lady loves me. She did commend my yellow stockings of late, she did praise my leg being cross-gartered; and in this she manifests herself to my love, and with a kind of injunction drives me to these habits of her liking. I thank my stars I am happy. I will be strange, stout, in yellow stockings, and cross-gartered, even with the swiftness of putting on. Jove and my stars be praised! Here is yet a postscript.
[Reads]
''Thou canst not choose but know who I am. If thou entertainest my love, let it appear in thy smiling; thy smiles become thee well; therefore in my presence still smile, dear my sweet, I prithee.'' Jove, I thank thee: I will smile; I will do everything that thou wilt have me. 

[Exit]', 'Malvolio', '2010-01-30 07:52:38', 3, 1, 'Prose')[0m
Redirected to http://0.0.0.0:3000/monologues/3
Completed in 11ms (DB: 0) | 302 Found [http://0.0.0.0/monologues]


Processing MonologuesController#show (for 127.0.0.1 at 2010-01-29 23:52:38) [GET]
  Parameters: {"id"=>"3"}
  [4;35;1mMonologue Load (0.3ms)[0m   [0mSELECT * FROM "monologues" WHERE ("monologues"."id" = 3) [0m
Rendering template within layouts/monologues
Rendering monologues/show
Completed in 9ms (View: 3, DB: 0) | 200 OK [http://0.0.0.0/monologues/3]


Processing MonologuesController#index (for 127.0.0.1 at 2010-01-29 23:52:44) [GET]
  [4;36;1mMonologue Load (0.7ms)[0m   [0;1mSELECT * FROM "monologues" [0m
Rendering template within layouts/monologues
Rendering monologues/index
  [4;35;1mPlay Load (0.2ms)[0m   [0mSELECT * FROM "plays" WHERE ("plays"."id" = 1) [0m
  [4;36;1mGender Load (0.2ms)[0m   [0;1mSELECT * FROM "genders" WHERE ("genders"."id" = 3) [0m
  [4;35;1mPlay Load (0.2ms)[0m   [0mSELECT * FROM "plays" WHERE ("plays"."id" = 0) [0m

ActionView::TemplateError (undefined method `title' for nil:NilClass) on line #15 of app/views/monologues/index.html.erb:
12: 
13: <% @monologues.each do |monologue| %>
14:   <tr>
15:     <td><%=h monologue.play.title %></td>
16:     <td><%=h monologue.character %></td>
17:     <td><%=h monologue.style %></td>
18:     <td><%=h monologue.section %></td>

    app/views/monologues/index.html.erb:15
    app/views/monologues/index.html.erb:13:in `each'
    app/views/monologues/index.html.erb:13
    app/controllers/monologues_controller.rb:7:in `index'

Rendered rescues/_trace (41.4ms)
Rendered rescues/_request_and_response (0.3ms)
Rendering rescues/layout (internal_server_error)


Processing MonologuesController#index (for 127.0.0.1 at 2010-01-29 23:52:46) [GET]
  [4;36;1mMonologue Load (0.7ms)[0m   [0;1mSELECT * FROM "monologues" [0m
Rendering template within layouts/monologues
Rendering monologues/index
  [4;35;1mPlay Load (0.2ms)[0m   [0mSELECT * FROM "plays" WHERE ("plays"."id" = 1) [0m
  [4;36;1mGender Load (0.2ms)[0m   [0;1mSELECT * FROM "genders" WHERE ("genders"."id" = 3) [0m
  [4;35;1mPlay Load (0.2ms)[0m   [0mSELECT * FROM "plays" WHERE ("plays"."id" = 0) [0m

ActionView::TemplateError (undefined method `title' for nil:NilClass) on line #15 of app/views/monologues/index.html.erb:
12: 
13: <% @monologues.each do |monologue| %>
14:   <tr>
15:     <td><%=h monologue.play.title %></td>
16:     <td><%=h monologue.character %></td>
17:     <td><%=h monologue.style %></td>
18:     <td><%=h monologue.section %></td>

    app/views/monologues/index.html.erb:15
    app/views/monologues/index.html.erb:13:in `each'
    app/views/monologues/index.html.erb:13
    app/controllers/monologues_controller.rb:7:in `index'

Rendered rescues/_trace (111.8ms)
Rendered rescues/_request_and_response (0.3ms)
Rendering rescues/layout (internal_server_error)


Processing MonologuesController#index (for 127.0.0.1 at 2010-01-29 23:52:47) [GET]
  [4;36;1mMonologue Load (0.7ms)[0m   [0;1mSELECT * FROM "monologues" [0m
Rendering template within layouts/monologues
Rendering monologues/index
  [4;35;1mPlay Load (0.2ms)[0m   [0mSELECT * FROM "plays" WHERE ("plays"."id" = 1) [0m
  [4;36;1mGender Load (0.2ms)[0m   [0;1mSELECT * FROM "genders" WHERE ("genders"."id" = 3) [0m
  [4;35;1mPlay Load (0.2ms)[0m   [0mSELECT * FROM "plays" WHERE ("plays"."id" = 0) [0m

ActionView::TemplateError (undefined method `title' for nil:NilClass) on line #15 of app/views/monologues/index.html.erb:
12: 
13: <% @monologues.each do |monologue| %>
14:   <tr>
15:     <td><%=h monologue.play.title %></td>
16:     <td><%=h monologue.character %></td>
17:     <td><%=h monologue.style %></td>
18:     <td><%=h monologue.section %></td>

    app/views/monologues/index.html.erb:15
    app/views/monologues/index.html.erb:13:in `each'
    app/views/monologues/index.html.erb:13
    app/controllers/monologues_controller.rb:7:in `index'

Rendered rescues/_trace (110.4ms)
Rendered rescues/_request_and_response (0.3ms)
Rendering rescues/layout (internal_server_error)


Processing MonologuesController#index (for 127.0.0.1 at 2010-01-29 23:52:47) [GET]
  [4;36;1mMonologue Load (0.7ms)[0m   [0;1mSELECT * FROM "monologues" [0m
Rendering template within layouts/monologues
Rendering monologues/index
  [4;35;1mPlay Load (0.2ms)[0m   [0mSELECT * FROM "plays" WHERE ("plays"."id" = 1) [0m
  [4;36;1mGender Load (0.2ms)[0m   [0;1mSELECT * FROM "genders" WHERE ("genders"."id" = 3) [0m
  [4;35;1mPlay Load (0.2ms)[0m   [0mSELECT * FROM "plays" WHERE ("plays"."id" = 0) [0m

ActionView::TemplateError (undefined method `title' for nil:NilClass) on line #15 of app/views/monologues/index.html.erb:
12: 
13: <% @monologues.each do |monologue| %>
14:   <tr>
15:     <td><%=h monologue.play.title %></td>
16:     <td><%=h monologue.character %></td>
17:     <td><%=h monologue.style %></td>
18:     <td><%=h monologue.section %></td>

    app/views/monologues/index.html.erb:15
    app/views/monologues/index.html.erb:13:in `each'
    app/views/monologues/index.html.erb:13
    app/controllers/monologues_controller.rb:7:in `index'

Rendered rescues/_trace (40.9ms)
Rendered rescues/_request_and_response (0.3ms)
Rendering rescues/layout (internal_server_error)


Processing MonologuesController#index (for 127.0.0.1 at 2010-01-29 23:52:48) [GET]
  [4;36;1mMonologue Load (0.7ms)[0m   [0;1mSELECT * FROM "monologues" [0m
Rendering template within layouts/monologues
Rendering monologues/index
  [4;35;1mPlay Load (0.2ms)[0m   [0mSELECT * FROM "plays" WHERE ("plays"."id" = 1) [0m
  [4;36;1mGender Load (0.2ms)[0m   [0;1mSELECT * FROM "genders" WHERE ("genders"."id" = 3) [0m
  [4;35;1mPlay Load (0.2ms)[0m   [0mSELECT * FROM "plays" WHERE ("plays"."id" = 0) [0m

ActionView::TemplateError (undefined method `title' for nil:NilClass) on line #15 of app/views/monologues/index.html.erb:
12: 
13: <% @monologues.each do |monologue| %>
14:   <tr>
15:     <td><%=h monologue.play.title %></td>
16:     <td><%=h monologue.character %></td>
17:     <td><%=h monologue.style %></td>
18:     <td><%=h monologue.section %></td>

    app/views/monologues/index.html.erb:15
    app/views/monologues/index.html.erb:13:in `each'
    app/views/monologues/index.html.erb:13
    app/controllers/monologues_controller.rb:7:in `index'

Rendered rescues/_trace (40.9ms)
Rendered rescues/_request_and_response (0.5ms)
Rendering rescues/layout (internal_server_error)


Processing MonologuesController#index (for 127.0.0.1 at 2010-01-29 23:52:48) [GET]
  [4;36;1mMonologue Load (0.8ms)[0m   [0;1mSELECT * FROM "monologues" [0m
Rendering template within layouts/monologues
Rendering monologues/index
  [4;35;1mPlay Load (0.2ms)[0m   [0mSELECT * FROM "plays" WHERE ("plays"."id" = 1) [0m
  [4;36;1mGender Load (0.2ms)[0m   [0;1mSELECT * FROM "genders" WHERE ("genders"."id" = 3) [0m
  [4;35;1mPlay Load (0.2ms)[0m   [0mSELECT * FROM "plays" WHERE ("plays"."id" = 0) [0m

ActionView::TemplateError (undefined method `title' for nil:NilClass) on line #15 of app/views/monologues/index.html.erb:
12: 
13: <% @monologues.each do |monologue| %>
14:   <tr>
15:     <td><%=h monologue.play.title %></td>
16:     <td><%=h monologue.character %></td>
17:     <td><%=h monologue.style %></td>
18:     <td><%=h monologue.section %></td>

    app/views/monologues/index.html.erb:15
    app/views/monologues/index.html.erb:13:in `each'
    app/views/monologues/index.html.erb:13
    app/controllers/monologues_controller.rb:7:in `index'

Rendered rescues/_trace (42.0ms)
Rendered rescues/_request_and_response (0.3ms)
Rendering rescues/layout (internal_server_error)


Processing MonologuesController#index (for 127.0.0.1 at 2010-01-29 23:52:48) [GET]
  [4;36;1mMonologue Load (1.2ms)[0m   [0;1mSELECT * FROM "monologues" [0m
Rendering template within layouts/monologues
Rendering monologues/index
  [4;35;1mPlay Load (0.2ms)[0m   [0mSELECT * FROM "plays" WHERE ("plays"."id" = 1) [0m
  [4;36;1mGender Load (0.3ms)[0m   [0;1mSELECT * FROM "genders" WHERE ("genders"."id" = 3) [0m
  [4;35;1mPlay Load (0.2ms)[0m   [0mSELECT * FROM "plays" WHERE ("plays"."id" = 0) [0m

ActionView::TemplateError (undefined method `title' for nil:NilClass) on line #15 of app/views/monologues/index.html.erb:
12: 
13: <% @monologues.each do |monologue| %>
14:   <tr>
15:     <td><%=h monologue.play.title %></td>
16:     <td><%=h monologue.character %></td>
17:     <td><%=h monologue.style %></td>
18:     <td><%=h monologue.section %></td>

    app/views/monologues/index.html.erb:15
    app/views/monologues/index.html.erb:13:in `each'
    app/views/monologues/index.html.erb:13
    app/controllers/monologues_controller.rb:7:in `index'

Rendered rescues/_trace (110.6ms)
Rendered rescues/_request_and_response (0.3ms)
Rendering rescues/layout (internal_server_error)


Processing MonologuesController#index (for 127.0.0.1 at 2010-01-29 23:52:48) [GET]
  [4;36;1mMonologue Load (0.7ms)[0m   [0;1mSELECT * FROM "monologues" [0m
Rendering template within layouts/monologues
Rendering monologues/index
  [4;35;1mPlay Load (0.2ms)[0m   [0mSELECT * FROM "plays" WHERE ("plays"."id" = 1) [0m
  [4;36;1mGender Load (0.2ms)[0m   [0;1mSELECT * FROM "genders" WHERE ("genders"."id" = 3) [0m
  [4;35;1mPlay Load (0.2ms)[0m   [0mSELECT * FROM "plays" WHERE ("plays"."id" = 0) [0m

ActionView::TemplateError (undefined method `title' for nil:NilClass) on line #15 of app/views/monologues/index.html.erb:
12: 
13: <% @monologues.each do |monologue| %>
14:   <tr>
15:     <td><%=h monologue.play.title %></td>
16:     <td><%=h monologue.character %></td>
17:     <td><%=h monologue.style %></td>
18:     <td><%=h monologue.section %></td>

    app/views/monologues/index.html.erb:15
    app/views/monologues/index.html.erb:13:in `each'
    app/views/monologues/index.html.erb:13
    app/controllers/monologues_controller.rb:7:in `index'

Rendered rescues/_trace (41.0ms)
Rendered rescues/_request_and_response (0.3ms)
Rendering rescues/layout (internal_server_error)


Processing MonologuesController#index (for 127.0.0.1 at 2010-01-29 23:58:22) [GET]
  [4;36;1mMonologue Load (0.8ms)[0m   [0;1mSELECT * FROM "monologues" [0m
Rendering template within layouts/monologues
Rendering monologues/index
  [4;35;1mPlay Load (0.2ms)[0m   [0mSELECT * FROM "plays" WHERE ("plays"."id" = 1) [0m
  [4;36;1mGender Load (0.2ms)[0m   [0;1mSELECT * FROM "genders" WHERE ("genders"."id" = 3) [0m
  [4;35;1mCACHE (0.0ms)[0m   [0mSELECT * FROM "plays" WHERE ("plays"."id" = 1) [0m
  [4;36;1mCACHE (0.0ms)[0m   [0;1mSELECT * FROM "genders" WHERE ("genders"."id" = 3) [0m
  [4;35;1mCACHE (0.0ms)[0m   [0mSELECT * FROM "plays" WHERE ("plays"."id" = 1) [0m
  [4;36;1mCACHE (0.0ms)[0m   [0;1mSELECT * FROM "genders" WHERE ("genders"."id" = 3) [0m
Completed in 98ms (View: 21, DB: 1) | 200 OK [http://0.0.0.0/monologues]


Processing MonologuesController#destroy (for 127.0.0.1 at 2010-01-29 23:58:30) [DELETE]
  Parameters: {"authenticity_token"=>"0Y+GVp8wE8hIGJgdJqsLeqVrFPvSbrs162UL5gh3+bY=", "id"=>"3"}
  [4;35;1mMonologue Load (0.3ms)[0m   [0mSELECT * FROM "monologues" WHERE ("monologues"."id" = 3) [0m
  [4;36;1mMonologue Destroy (0.3ms)[0m   [0;1mDELETE FROM "monologues" WHERE "id" = 3[0m
Redirected to http://0.0.0.0:3000/monologues
Completed in 11ms (DB: 1) | 302 Found [http://0.0.0.0/monologues/3]


Processing MonologuesController#index (for 127.0.0.1 at 2010-01-29 23:58:30) [GET]
  [4;35;1mMonologue Load (0.7ms)[0m   [0mSELECT * FROM "monologues" [0m
Rendering template within layouts/monologues
Rendering monologues/index
  [4;36;1mPlay Load (0.2ms)[0m   [0;1mSELECT * FROM "plays" WHERE ("plays"."id" = 1) [0m
  [4;35;1mGender Load (0.2ms)[0m   [0mSELECT * FROM "genders" WHERE ("genders"."id" = 3) [0m
  [4;36;1mCACHE (0.0ms)[0m   [0;1mSELECT * FROM "plays" WHERE ("plays"."id" = 1) [0m
  [4;35;1mCACHE (0.0ms)[0m   [0mSELECT * FROM "genders" WHERE ("genders"."id" = 3) [0m
Completed in 24ms (View: 18, DB: 1) | 200 OK [http://0.0.0.0/monologues]


Processing MonologuesController#index (for 127.0.0.1 at 2010-01-30 00:06:05) [GET]
  [4;36;1mMonologue Load (0.6ms)[0m   [0;1mSELECT * FROM "monologues" [0m
  [4;35;1mPlay Load (0.3ms)[0m   [0mSELECT * FROM "plays" [0m
Rendering template within layouts/monologues
Rendering monologues/index
  [4;36;1mPlay Load (0.2ms)[0m   [0;1mSELECT * FROM "plays" WHERE ("plays"."id" = 1) [0m
  [4;35;1mGender Load (0.2ms)[0m   [0mSELECT * FROM "genders" WHERE ("genders"."id" = 3) [0m
  [4;36;1mCACHE (0.0ms)[0m   [0;1mSELECT * FROM "plays" WHERE ("plays"."id" = 1) [0m
  [4;35;1mCACHE (0.0ms)[0m   [0mSELECT * FROM "genders" WHERE ("genders"."id" = 3) [0m
Completed in 24ms (View: 15, DB: 1) | 200 OK [http://0.0.0.0/monologues]


Processing MonologuesController#new (for 127.0.0.1 at 2010-01-30 00:06:09) [GET]
Rendering template within layouts/monologues
Rendering monologues/new

ActionView::TemplateError (wrong number of arguments (4 for 5)) on line #8 of app/views/monologues/new.html.erb:
5: 
6:   <p>
7:     <%= f.label :play_id %><br />
8:     <% collection_select :play_id, @plays, :title, :play_id %>
9:   </p>
10:   <p>
11:     <%= f.label :section %><br />

    app/views/monologues/new.html.erb:8:in `collection_select'
    app/views/monologues/new.html.erb:8
    app/views/monologues/new.html.erb:3
    app/controllers/monologues_controller.rb:30:in `new'

Rendered rescues/_trace (41.1ms)
Rendered rescues/_request_and_response (0.3ms)
Rendering rescues/layout (internal_server_error)


Processing MonologuesController#new (for 127.0.0.1 at 2010-01-30 00:09:16) [GET]
Rendering template within layouts/monologues
Rendering monologues/new

ActionView::TemplateError (You have a nil object when you didn't expect it!
You might have expected an instance of Array.
The error occurred while evaluating nil.map) on line #8 of app/views/monologues/new.html.erb:
5: 
6:   <p>
7:     <%= f.label :play_id %><br />
8:     <%= f.collection_select( :play_id, @plays, :play_id, :title ) %>
9:   </p>
10:   <p>
11:     <%= f.label :section %><br />

    app/views/monologues/new.html.erb:8
    app/views/monologues/new.html.erb:3
    app/controllers/monologues_controller.rb:30:in `new'

Rendered rescues/_trace (112.3ms)
Rendered rescues/_request_and_response (0.3ms)
Rendering rescues/layout (internal_server_error)


Processing MonologuesController#new (for 127.0.0.1 at 2010-01-30 00:09:17) [GET]
Rendering template within layouts/monologues
Rendering monologues/new

ActionView::TemplateError (You have a nil object when you didn't expect it!
You might have expected an instance of Array.
The error occurred while evaluating nil.map) on line #8 of app/views/monologues/new.html.erb:
5: 
6:   <p>
7:     <%= f.label :play_id %><br />
8:     <%= f.collection_select( :play_id, @plays, :play_id, :title ) %>
9:   </p>
10:   <p>
11:     <%= f.label :section %><br />

    app/views/monologues/new.html.erb:8
    app/views/monologues/new.html.erb:3
    app/controllers/monologues_controller.rb:30:in `new'

Rendered rescues/_trace (112.6ms)
Rendered rescues/_request_and_response (0.3ms)
Rendering rescues/layout (internal_server_error)


Processing MonologuesController#new (for 127.0.0.1 at 2010-01-30 00:11:23) [GET]
Rendering template within layouts/monologues
Rendering monologues/new
Completed in 17ms (View: 11, DB: 0) | 200 OK [http://0.0.0.0/monologues/new]


Processing MonologuesController#new (for 127.0.0.1 at 2010-01-30 00:11:35) [GET]
Rendering template within layouts/monologues
Rendering monologues/new
Completed in 17ms (View: 11, DB: 0) | 200 OK [http://0.0.0.0/monologues/new]
  [4;36;1mSQL (0.5ms)[0m   [0;1m SELECT name
 FROM sqlite_master
 WHERE type = 'table' AND NOT name = 'sqlite_sequence'
[0m
  [4;35;1mSQL (0.2ms)[0m   [0mSELECT version FROM schema_migrations[0m
  [4;36;1mSQL (0.1ms)[0m   [0;1mselect sqlite_version(*)[0m
  [4;35;1mSQL (0.2ms)[0m   [0m SELECT name
 FROM sqlite_master
 WHERE type = 'table' AND NOT name = 'sqlite_sequence'
[0m
  [4;36;1mSQL (1.2ms)[0m   [0;1mCREATE TABLE "authors" ("id" INTEGER PRIMARY KEY AUTOINCREMENT NOT NULL, "name" varchar(255), "created_at" datetime, "updated_at" datetime) [0m
  [4;35;1mSQL (0.2ms)[0m   [0m SELECT name
 FROM sqlite_master
 WHERE type = 'table' AND NOT name = 'sqlite_sequence'
[0m
  [4;36;1mSQL (1.1ms)[0m   [0;1mCREATE TABLE "genders" ("id" INTEGER PRIMARY KEY AUTOINCREMENT NOT NULL, "name" varchar(255), "created_at" datetime, "updated_at" datetime) [0m
  [4;35;1mSQL (0.2ms)[0m   [0m SELECT name
 FROM sqlite_master
 WHERE type = 'table' AND NOT name = 'sqlite_sequence'
[0m
  [4;36;1mSQL (1.1ms)[0m   [0;1mCREATE TABLE "monologues" ("id" INTEGER PRIMARY KEY AUTOINCREMENT NOT NULL, "play_id" integer, "section" varchar(255), "name" varchar(255), "body" text, "gender_id" integer, "created_at" datetime, "updated_at" datetime, "character" varchar(255), "style" varchar(255)) [0m
  [4;35;1mSQL (0.2ms)[0m   [0m SELECT name
 FROM sqlite_master
 WHERE type = 'table' AND NOT name = 'sqlite_sequence'
[0m
  [4;36;1mSQL (1.2ms)[0m   [0;1mCREATE TABLE "plays" ("id" INTEGER PRIMARY KEY AUTOINCREMENT NOT NULL, "author_id" integer, "title" varchar(255), "created_at" datetime, "updated_at" datetime) [0m
  [4;35;1mSQL (0.5ms)[0m   [0m SELECT name
 FROM sqlite_master
 WHERE type = 'table' AND NOT name = 'sqlite_sequence'
[0m
  [4;36;1mSQL (1.1ms)[0m   [0;1mCREATE TABLE "schema_migrations" ("version" varchar(255) NOT NULL) [0m
  [4;35;1mSQL (1.1ms)[0m   [0mCREATE UNIQUE INDEX "unique_schema_migrations" ON "schema_migrations" ("version")[0m
  [4;36;1mSQL (0.2ms)[0m   [0;1m SELECT name
 FROM sqlite_master
 WHERE type = 'table' AND NOT name = 'sqlite_sequence'
[0m
  [4;35;1mSQL (0.1ms)[0m   [0mSELECT version FROM "schema_migrations"[0m
  [4;36;1mSQL (1.3ms)[0m   [0;1mINSERT INTO "schema_migrations" (version) VALUES ('20100130065904')[0m
  [4;35;1mSQL (1.4ms)[0m   [0mINSERT INTO "schema_migrations" (version) VALUES ('20100130062358')[0m
  [4;36;1mSQL (1.4ms)[0m   [0;1mINSERT INTO "schema_migrations" (version) VALUES ('20100130062614')[0m
  [4;35;1mSQL (1.3ms)[0m   [0mINSERT INTO "schema_migrations" (version) VALUES ('20100130062711')[0m
  [4;36;1mSQL (1.3ms)[0m   [0;1mINSERT INTO "schema_migrations" (version) VALUES ('20100130063006')[0m
  [4;36;1mPlay Load (0.4ms)[0m   [0;1mSELECT * FROM "plays" [0m


Processing MonologuesController#new (for 127.0.0.1 at 2010-01-30 00:18:23) [GET]
Rendering template within layouts/monologues
Rendering monologues/new

ActionView::TemplateError (You have a nil object when you didn't expect it!
You might have expected an instance of Array.
The error occurred while evaluating nil.map) on line #9 of app/views/monologues/new.html.erb:
6:   <p>
7:     <%= f.label :play_id %><br />
8:     <%=  debug @plays %>
9:     <%= f.collection_select( :play, @plays, :play_id, :title ) %>
10:   </p>
11:   <p>
12:     <%= f.label :section %><br />

    app/views/monologues/new.html.erb:9
    app/views/monologues/new.html.erb:3
    app/controllers/monologues_controller.rb:30:in `new'

Rendered rescues/_trace (109.0ms)
Rendered rescues/_request_and_response (0.2ms)
Rendering rescues/layout (internal_server_error)


Processing MonologuesController#new (for 127.0.0.1 at 2010-01-30 00:18:43) [GET]
Rendering template within layouts/monologues
Rendering monologues/new

ActionView::TemplateError (You have a nil object when you didn't expect it!
You might have expected an instance of Array.
The error occurred while evaluating nil.map) on line #9 of app/views/monologues/new.html.erb:
6:   <p>
7:     <%= f.label :play_id %><br />
8:     <%=  debug @plays %>
9:     <%= f.collection_select( :play, @plays, :id, :title ) %>
10:   </p>
11:   <p>
12:     <%= f.label :section %><br />

    app/views/monologues/new.html.erb:9
    app/views/monologues/new.html.erb:3
    app/controllers/monologues_controller.rb:30:in `new'

Rendered rescues/_trace (42.7ms)
Rendered rescues/_request_and_response (0.2ms)
Rendering rescues/layout (internal_server_error)


Processing MonologuesController#new (for 127.0.0.1 at 2010-01-30 00:19:03) [GET]
Rendering template within layouts/monologues
Rendering monologues/new
Completed in 17ms (View: 11, DB: 0) | 200 OK [http://0.0.0.0/monologues/new]


Processing MonologuesController#new (for 127.0.0.1 at 2010-01-30 00:40:21) [GET]
Rendering template within layouts/monologues
Rendering monologues/new
  [4;36;1mPlay Load (0.3ms)[0m   [0;1mSELECT * FROM "plays" [0m
Completed in 25ms (View: 20, DB: 0) | 200 OK [http://0.0.0.0/monologues/new]


Processing MonologuesController#new (for 127.0.0.1 at 2010-01-30 00:43:36) [GET]
  [4;35;1mPlay Load (0.2ms)[0m   [0mSELECT * FROM "plays" [0m
Rendering template within layouts/monologues
Rendering monologues/new
Completed in 20ms (View: 12, DB: 0) | 200 OK [http://0.0.0.0/monologues/new]


Processing MonologuesController#new (for 127.0.0.1 at 2010-01-30 00:47:01) [GET]
  [4;36;1mPlay Load (0.2ms)[0m   [0;1mSELECT * FROM "plays" [0m
  [4;35;1mGender Load (0.3ms)[0m   [0mSELECT * FROM "genders" [0m
Rendering template within layouts/monologues
Rendering monologues/new

ActionView::TemplateError (wrong number of arguments (2 for 4)) on line #28 of app/views/monologues/new.html.erb:
25:   </p>
26:   <p>
27:     <%= f.label :style %><br />
28:     <%= f.collection_select(:style, ['Prose', 'Verse']) %>
29:   </p>
30:   <p>
31:     <%= f.label :gender_id %><br />

    app/views/monologues/new.html.erb:28:in `collection_select'
    app/views/monologues/new.html.erb:28
    app/views/monologues/new.html.erb:3
    app/controllers/monologues_controller.rb:31:in `new'

Rendered rescues/_trace (41.4ms)
Rendered rescues/_request_and_response (0.3ms)
Rendering rescues/layout (internal_server_error)


Processing MonologuesController#new (for 127.0.0.1 at 2010-01-30 00:48:26) [GET]
  [4;36;1mPlay Load (0.3ms)[0m   [0;1mSELECT * FROM "plays" [0m
  [4;35;1mGender Load (0.3ms)[0m   [0mSELECT * FROM "genders" [0m
Rendering template within layouts/monologues
Rendering monologues/new
Completed in 25ms (View: 14, DB: 1) | 200 OK [http://0.0.0.0/monologues/new]


Processing MonologuesController#create (for 127.0.0.1 at 2010-01-30 00:48:35) [POST]
  Parameters: {"commit"=>"Create", "authenticity_token"=>"0Y+GVp8wE8hIGJgdJqsLeqVrFPvSbrs162UL5gh3+bY=", "monologue"=>{"name"=>"", "section"=>"", "play"=>"1", "character"=>"", "body"=>"", "gender"=>"2", "style"=>"Prose"}}

ActiveRecord::AssociationTypeMismatch (Play(#2173735800) expected, got String(#2148246520)):
  app/controllers/monologues_controller.rb:48:in `new'
  app/controllers/monologues_controller.rb:48:in `create'

Rendered rescues/_trace (33.8ms)
Rendered rescues/_request_and_response (0.4ms)
Rendering rescues/layout (internal_server_error)


Processing MonologuesController#create (for 127.0.0.1 at 2010-01-30 00:49:55) [POST]
  Parameters: {"commit"=>"Create", "authenticity_token"=>"0Y+GVp8wE8hIGJgdJqsLeqVrFPvSbrs162UL5gh3+bY=", "monologue"=>{"name"=>"", "section"=>"", "play"=>"1", "character"=>"", "body"=>"", "gender"=>"2", "style"=>"Prose"}}

ActiveRecord::AssociationTypeMismatch (Play(#2174885700) expected, got String(#2148246520)):
  app/controllers/monologues_controller.rb:48:in `new'
  app/controllers/monologues_controller.rb:48:in `create'

Rendered rescues/_trace (34.5ms)
Rendered rescues/_request_and_response (0.4ms)
Rendering rescues/layout (internal_server_error)


Processing MonologuesController#create (for 127.0.0.1 at 2010-01-30 01:13:49) [POST]
  Parameters: {"commit"=>"Create", "authenticity_token"=>"0Y+GVp8wE8hIGJgdJqsLeqVrFPvSbrs162UL5gh3+bY=", "monologue"=>{"name"=>"", "section"=>"", "play"=>"1", "character"=>"", "body"=>"", "gender"=>"2", "style"=>"Prose"}}

ActiveRecord::AssociationTypeMismatch (Play(#2176252740) expected, got String(#2148246520)):
  app/controllers/monologues_controller.rb:48:in `new'
  app/controllers/monologues_controller.rb:48:in `create'

Rendered rescues/_trace (33.8ms)
Rendered rescues/_request_and_response (0.4ms)
Rendering rescues/layout (internal_server_error)


Processing MonologuesController#create (for 127.0.0.1 at 2010-01-30 01:16:18) [POST]
  Parameters: {"commit"=>"Create", "authenticity_token"=>"0Y+GVp8wE8hIGJgdJqsLeqVrFPvSbrs162UL5gh3+bY=", "monologue"=>{"name"=>"", "section"=>"", "play"=>"1", "character"=>"", "body"=>"", "gender"=>"2", "style"=>"Prose"}}

ActiveRecord::AssociationTypeMismatch (Play(#2174833040) expected, got String(#2148246520)):
  app/controllers/monologues_controller.rb:48:in `new'
  app/controllers/monologues_controller.rb:48:in `create'

Rendered rescues/_trace (33.9ms)
Rendered rescues/_request_and_response (0.4ms)
Rendering rescues/layout (internal_server_error)


Processing MonologuesController#new (for 127.0.0.1 at 2010-01-30 01:16:26) [GET]
  [4;36;1mPlay Load (0.3ms)[0m   [0;1mSELECT * FROM "plays" [0m
  [4;35;1mGender Load (0.3ms)[0m   [0mSELECT * FROM "genders" [0m
Rendering template within layouts/monologues
Rendering monologues/new
Completed in 93ms (View: 13, DB: 1) | 200 OK [http://0.0.0.0/monologues/new]


Processing MonologuesController#create (for 127.0.0.1 at 2010-01-30 01:16:43) [POST]
  Parameters: {"commit"=>"Create", "authenticity_token"=>"0Y+GVp8wE8hIGJgdJqsLeqVrFPvSbrs162UL5gh3+bY=", "monologue"=>{"name"=>"", "section"=>"", "character"=>"", "body"=>"", "gender"=>"2", "style"=>"Prose", "play_id"=>"1"}}

ActiveRecord::AssociationTypeMismatch (Gender(#2175463120) expected, got String(#2148246520)):
  app/controllers/monologues_controller.rb:48:in `new'
  app/controllers/monologues_controller.rb:48:in `create'

Rendered rescues/_trace (33.4ms)
Rendered rescues/_request_and_response (0.4ms)
Rendering rescues/layout (internal_server_error)


Processing MonologuesController#create (for 127.0.0.1 at 2010-01-30 01:17:04) [POST]
  Parameters: {"commit"=>"Create", "authenticity_token"=>"0Y+GVp8wE8hIGJgdJqsLeqVrFPvSbrs162UL5gh3+bY=", "monologue"=>{"name"=>"", "section"=>"", "character"=>"", "body"=>"", "gender"=>"2", "style"=>"Prose", "play_id"=>"1"}}

ActiveRecord::AssociationTypeMismatch (Gender(#2174222600) expected, got String(#2148246520)):
  app/controllers/monologues_controller.rb:48:in `new'
  app/controllers/monologues_controller.rb:48:in `create'

Rendered rescues/_trace (103.3ms)
Rendered rescues/_request_and_response (0.4ms)
Rendering rescues/layout (internal_server_error)


Processing MonologuesController#new (for 127.0.0.1 at 2010-01-30 01:17:06) [GET]
  [4;36;1mPlay Load (0.3ms)[0m   [0;1mSELECT * FROM "plays" [0m
  [4;35;1mGender Load (0.3ms)[0m   [0mSELECT * FROM "genders" [0m
Rendering template within layouts/monologues
Rendering monologues/new
Completed in 25ms (View: 14, DB: 1) | 200 OK [http://0.0.0.0/monologues/new]


Processing MonologuesController#new (for 127.0.0.1 at 2010-01-30 01:17:08) [GET]
  [4;36;1mPlay Load (0.2ms)[0m   [0;1mSELECT * FROM "plays" [0m
  [4;35;1mGender Load (0.3ms)[0m   [0mSELECT * FROM "genders" [0m
Rendering template within layouts/monologues
Rendering monologues/new
Completed in 20ms (View: 10, DB: 1) | 200 OK [http://0.0.0.0/monologues/new]


Processing MonologuesController#create (for 127.0.0.1 at 2010-01-30 01:17:11) [POST]
  Parameters: {"commit"=>"Create", "authenticity_token"=>"0Y+GVp8wE8hIGJgdJqsLeqVrFPvSbrs162UL5gh3+bY=", "monologue"=>{"name"=>"", "section"=>"", "character"=>"", "body"=>"", "gender_id"=>"1", "style"=>"Prose", "play_id"=>"1"}}
  [4;36;1mMonologue Create (0.4ms)[0m   [0;1mINSERT INTO "monologues" ("section", "name", "created_at", "body", "character", "updated_at", "gender_id", "play_id", "style") VALUES('', '', '2010-01-30 09:17:11', '', '', '2010-01-30 09:17:11', 1, 1, 'Prose')[0m
Redirected to http://0.0.0.0:3000/monologues/4
Completed in 12ms (DB: 0) | 302 Found [http://0.0.0.0/monologues]


Processing MonologuesController#show (for 127.0.0.1 at 2010-01-30 01:17:11) [GET]
  Parameters: {"id"=>"4"}
  [4;35;1mMonologue Load (0.3ms)[0m   [0mSELECT * FROM "monologues" WHERE ("monologues"."id" = 4) [0m
Rendering template within layouts/monologues
Rendering monologues/show
Completed in 72ms (View: 3, DB: 0) | 200 OK [http://0.0.0.0/monologues/4]


Processing MonologuesController#index (for 127.0.0.1 at 2010-01-30 07:54:18) [GET]
  [4;36;1mMonologue Load (0.7ms)[0m   [0;1mSELECT * FROM "monologues" [0m
Rendering template within layouts/monologues
Rendering monologues/index
  [4;35;1mPlay Load (0.2ms)[0m   [0mSELECT * FROM "plays" WHERE ("plays"."id" = 1) [0m
  [4;36;1mGender Load (0.2ms)[0m   [0;1mSELECT * FROM "genders" WHERE ("genders"."id" = 3) [0m
  [4;35;1mCACHE (0.0ms)[0m   [0mSELECT * FROM "plays" WHERE ("plays"."id" = 1) [0m
  [4;36;1mCACHE (0.0ms)[0m   [0;1mSELECT * FROM "genders" WHERE ("genders"."id" = 3) [0m
  [4;35;1mCACHE (0.0ms)[0m   [0mSELECT * FROM "plays" WHERE ("plays"."id" = 1) [0m
  [4;36;1mGender Load (0.3ms)[0m   [0;1mSELECT * FROM "genders" WHERE ("genders"."id" = 1) [0m
Completed in 28ms (View: 22, DB: 1) | 200 OK [http://0.0.0.0/monologues]


Processing MonologuesController#edit (for 127.0.0.1 at 2010-01-30 07:55:07) [GET]
  Parameters: {"id"=>"4"}
  [4;35;1mMonologue Load (0.2ms)[0m   [0mSELECT * FROM "monologues" WHERE ("monologues"."id" = 4) [0m
  [4;36;1mPlay Load (0.3ms)[0m   [0;1mSELECT * FROM "plays" [0m
  [4;35;1mGender Load (0.3ms)[0m   [0mSELECT * FROM "genders" [0m
Rendering template within layouts/monologues
Rendering monologues/edit
Completed in 19ms (View: 8, DB: 1) | 200 OK [http://0.0.0.0/monologues/4/edit]


Processing PlaysController#index (for 127.0.0.1 at 2010-01-30 07:55:22) [GET]
  [4;36;1mPlay Load (0.5ms)[0m   [0;1mSELECT * FROM "plays" [0m
Rendering template within layouts/plays
Rendering plays/index
Completed in 10ms (View: 5, DB: 0) | 200 OK [http://0.0.0.0/plays]


Processing PlaysController#new (for 127.0.0.1 at 2010-01-30 07:55:25) [GET]
Rendering template within layouts/plays
Rendering plays/new
Completed in 9ms (View: 4, DB: 0) | 200 OK [http://0.0.0.0/plays/new]


Processing PlaysController#create (for 127.0.0.1 at 2010-01-30 07:55:33) [POST]
  Parameters: {"play"=>{"title"=>"Hamlet", "author_id"=>"1"}, "commit"=>"Create", "authenticity_token"=>"0Y+GVp8wE8hIGJgdJqsLeqVrFPvSbrs162UL5gh3+bY="}
  [4;35;1mPlay Create (0.3ms)[0m   [0mINSERT INTO "plays" ("created_at", "title", "updated_at", "author_id") VALUES('2010-01-30 15:55:33', 'Hamlet', '2010-01-30 15:55:33', 1)[0m
Redirected to http://0.0.0.0:3000/plays/2
Completed in 73ms (DB: 0) | 302 Found [http://0.0.0.0/plays]


Processing PlaysController#show (for 127.0.0.1 at 2010-01-30 07:55:33) [GET]
  Parameters: {"id"=>"2"}
  [4;36;1mPlay Load (0.2ms)[0m   [0;1mSELECT * FROM "plays" WHERE ("plays"."id" = 2) [0m
Rendering template within layouts/plays
Rendering plays/show
Completed in 8ms (View: 2, DB: 0) | 200 OK [http://0.0.0.0/plays/2]


Processing MonologuesController#edit (for 127.0.0.1 at 2010-01-30 07:55:40) [GET]
  Parameters: {"id"=>"4"}
  [4;35;1mMonologue Load (0.2ms)[0m   [0mSELECT * FROM "monologues" WHERE ("monologues"."id" = 4) [0m
  [4;36;1mPlay Load (0.3ms)[0m   [0;1mSELECT * FROM "plays" [0m
  [4;35;1mGender Load (0.3ms)[0m   [0mSELECT * FROM "genders" [0m
Rendering template within layouts/monologues
Rendering monologues/edit
Completed in 19ms (View: 8, DB: 1) | 200 OK [http://0.0.0.0/monologues/4/edit]


Processing MonologuesController#destroy (for 127.0.0.1 at 2010-01-30 07:55:55) [DELETE]
  Parameters: {"authenticity_token"=>"0Y+GVp8wE8hIGJgdJqsLeqVrFPvSbrs162UL5gh3+bY=", "id"=>"4"}
  [4;36;1mMonologue Load (0.3ms)[0m   [0;1mSELECT * FROM "monologues" WHERE ("monologues"."id" = 4) [0m
  [4;35;1mMonologue Destroy (0.3ms)[0m   [0mDELETE FROM "monologues" WHERE "id" = 4[0m
Redirected to http://0.0.0.0:3000/monologues
Completed in 10ms (DB: 1) | 302 Found [http://0.0.0.0/monologues/4]


Processing MonologuesController#index (for 127.0.0.1 at 2010-01-30 07:55:55) [GET]
  [4;36;1mMonologue Load (0.7ms)[0m   [0;1mSELECT * FROM "monologues" [0m
Rendering template within layouts/monologues
Rendering monologues/index
  [4;35;1mPlay Load (0.2ms)[0m   [0mSELECT * FROM "plays" WHERE ("plays"."id" = 1) [0m
  [4;36;1mGender Load (0.2ms)[0m   [0;1mSELECT * FROM "genders" WHERE ("genders"."id" = 3) [0m
  [4;35;1mCACHE (0.0ms)[0m   [0mSELECT * FROM "plays" WHERE ("plays"."id" = 1) [0m
  [4;36;1mCACHE (0.0ms)[0m   [0;1mSELECT * FROM "genders" WHERE ("genders"."id" = 3) [0m
Completed in 23ms (View: 17, DB: 1) | 200 OK [http://0.0.0.0/monologues]


Processing MonologuesController#new (for 127.0.0.1 at 2010-01-30 07:55:57) [GET]
  [4;35;1mPlay Load (0.3ms)[0m   [0mSELECT * FROM "plays" [0m
  [4;36;1mGender Load (0.3ms)[0m   [0;1mSELECT * FROM "genders" [0m
Rendering template within layouts/monologues
Rendering monologues/new
Completed in 81ms (View: 10, DB: 1) | 200 OK [http://0.0.0.0/monologues/new]


Processing MonologuesController#create (for 127.0.0.1 at 2010-01-30 07:58:11) [POST]
  Parameters: {"commit"=>"Create", "authenticity_token"=>"0Y+GVp8wE8hIGJgdJqsLeqVrFPvSbrs162UL5gh3+bY=", "monologue"=>{"name"=>"So many journeys may the sun and moon", "section"=>"III ii 110", "character"=>"Player Queen", "body"=>"So many journeys may the sun and moon\r\nMake us again count o'er ere love be done!\r\nBut woe is me! you are so sick of late,\r\nSo far from cheer and from your former state.\r\nThat I distrust you. Yet, though I distrust,\r\nDiscomfort you, my lord, it nothing must;\r\nFor women's fear and love holds quantity,\r\nIn neither aught, or in extremity.\r\nNow what my love is, proof hath made you know;\r\nAnd as my love is siz'd, my fear is so.\r\nWhere love is great, the littlest doubts are fear;\r\nWhere little fears grow great, great love grows there.", "gender_id"=>"2", "style"=>"Verse", "play_id"=>"2"}}
  [4;35;1mMonologue Create (0.3ms)[0m   [0mINSERT INTO "monologues" ("section", "name", "created_at", "body", "character", "updated_at", "gender_id", "play_id", "style") VALUES('III ii 110', 'So many journeys may the sun and moon', '2010-01-30 15:58:11', 'So many journeys may the sun and moon
Make us again count o''er ere love be done!
But woe is me! you are so sick of late,
So far from cheer and from your former state.
That I distrust you. Yet, though I distrust,
Discomfort you, my lord, it nothing must;
For women''s fear and love holds quantity,
In neither aught, or in extremity.
Now what my love is, proof hath made you know;
And as my love is siz''d, my fear is so.
Where love is great, the littlest doubts are fear;
Where little fears grow great, great love grows there.', 'Player Queen', '2010-01-30 15:58:11', 2, 2, 'Verse')[0m
Redirected to http://0.0.0.0:3000/monologues/5
Completed in 347ms (DB: 0) | 302 Found [http://0.0.0.0/monologues]


Processing MonologuesController#show (for 127.0.0.1 at 2010-01-30 07:58:12) [GET]
  Parameters: {"id"=>"5"}
  [4;36;1mMonologue Load (0.3ms)[0m   [0;1mSELECT * FROM "monologues" WHERE ("monologues"."id" = 5) [0m
Rendering template within layouts/monologues
Rendering monologues/show
Completed in 9ms (View: 3, DB: 0) | 200 OK [http://0.0.0.0/monologues/5]


Processing MonologuesController#index (for 127.0.0.1 at 2010-01-30 07:58:16) [GET]
  [4;35;1mMonologue Load (0.7ms)[0m   [0mSELECT * FROM "monologues" [0m
Rendering template within layouts/monologues
Rendering monologues/index
  [4;36;1mPlay Load (0.2ms)[0m   [0;1mSELECT * FROM "plays" WHERE ("plays"."id" = 1) [0m
  [4;35;1mGender Load (0.2ms)[0m   [0mSELECT * FROM "genders" WHERE ("genders"."id" = 3) [0m
  [4;36;1mCACHE (0.0ms)[0m   [0;1mSELECT * FROM "plays" WHERE ("plays"."id" = 1) [0m
  [4;35;1mCACHE (0.0ms)[0m   [0mSELECT * FROM "genders" WHERE ("genders"."id" = 3) [0m
  [4;36;1mPlay Load (0.3ms)[0m   [0;1mSELECT * FROM "plays" WHERE ("plays"."id" = 2) [0m
  [4;35;1mGender Load (0.2ms)[0m   [0mSELECT * FROM "genders" WHERE ("genders"."id" = 2) [0m
Completed in 27ms (View: 21, DB: 2) | 200 OK [http://0.0.0.0/monologues]
